<?xml version="1.0" encoding="UTF-8"?>
<testsuite xmlns:xsi="http://www.w3.org/2001/XMLSchema-instance" xsi:noNamespaceSchemaLocation="https://maven.apache.org/surefire/maven-surefire-plugin/xsd/surefire-test-report-3.0.xsd" version="3.0" name="com.example.karate.KarateTestRunner" time="5.961" tests="2" errors="0" skipped="0" failures="0">
  <properties>
[...]
</properties>
  <testcase name="[1:12] Simple crud flow" classname="todos/todo-kafka" time="1.392">
    <system-out><![CDATA[21:34:33.360 [main] INFO com.intuit.karate.Runner - using system property 'karate.env': dev
21:34:33.910 [main] INFO com.intuit.karate - >> lock acquired, begin callSingle: classpath:common/server-setup.feature
21:34:33.944 [main] DEBUG spark.route.Routes - Adds route: post, /todos, spark.ResponseTransformerRouteImpl$1@78d6447a
21:34:33.944 [main] DEBUG spark.route.Routes - Adds route: get, /todos, spark.ResponseTransformerRouteImpl$1@554f0dfb
21:34:33.944 [main] DEBUG spark.route.Routes - Adds route: get, /todos/:id, spark.ResponseTransformerRouteImpl$1@5b9396d3
21:34:33.945 [main] DEBUG spark.route.Routes - Adds route: after, +/*paths, spark.FilterImpl$1@34d52ecd
21:34:33.954 [Thread-2] DEBUG org.eclipse.jetty.util.log - Logging to Logger[org.eclipse.jetty.util.log] via org.eclipse.jetty.util.log.Slf4jLog
21:34:33.955 [Thread-2] INFO org.eclipse.jetty.util.log - Logging initialized @1150ms to org.eclipse.jetty.util.log.Slf4jLog
21:34:33.963 [Thread-2] DEBUG org.eclipse.jetty.util.component.ContainerLifeCycle - QueuedThreadPool[qtp265310387]@fd050b3{STOPPED,8<=0<=200,i=0,r=-1,q=0}[NO_TRY] added {org.eclipse.jetty.util.thread.ThreadPoolBudget@572df60c,POJO}
21:34:33.965 [Thread-2] DEBUG org.eclipse.jetty.util.component.ContainerLifeCycle - Server@caa58ab{STOPPED}[9.4.48.v20220622] added {QueuedThreadPool[qtp265310387]@fd050b3{STOPPED,8<=0<=200,i=0,r=-1,q=0}[NO_TRY],AUTO}
21:34:33.976 [Thread-2] DEBUG org.eclipse.jetty.util.component.ContainerLifeCycle - HttpConnectionFactory@4bba40e7[HTTP/1.1] added {HttpConfiguration@3767c02d{32768/8192,8192/8192,https://:0,[ForwardedRequestCustomizer@545cc09]},POJO}
21:34:33.983 [Thread-2] DEBUG org.eclipse.jetty.util.component.ContainerLifeCycle - ServerConnector@65cb396d{null, ()}{0.0.0.0:0} added {Server@caa58ab{STOPPED}[9.4.48.v20220622],UNMANAGED}
21:34:33.983 [Thread-2] DEBUG org.eclipse.jetty.util.component.ContainerLifeCycle - ServerConnector@65cb396d{null, ()}{0.0.0.0:0} added {QueuedThreadPool[qtp265310387]@fd050b3{STOPPED,8<=0<=200,i=0,r=-1,q=0}[NO_TRY],AUTO}
21:34:33.983 [Thread-2] DEBUG org.eclipse.jetty.util.component.ContainerLifeCycle - ServerConnector@65cb396d{null, ()}{0.0.0.0:0} added {ScheduledExecutorScheduler@75b6912f{STOPPED},AUTO}
21:34:33.983 [Thread-2] DEBUG org.eclipse.jetty.util.component.ContainerLifeCycle - ServerConnector@65cb396d{null, ()}{0.0.0.0:0} added {ArrayByteBufferPool@3673ffb7{minBufferCapacity=0, maxBufferCapacity=65536, maxQueueLength=-1, factor=1024},POJO}
21:34:33.983 [Thread-2] DEBUG org.eclipse.jetty.util.component.ContainerLifeCycle - ServerConnector@65cb396d{null, (http/1.1)}{0.0.0.0:0} added {HttpConnectionFactory@4bba40e7[HTTP/1.1],AUTO}
21:34:33.983 [Thread-2] DEBUG org.eclipse.jetty.server.AbstractConnector - ServerConnector@65cb396d{HTTP/1.1, (http/1.1)}{0.0.0.0:0} added HttpConnectionFactory@4bba40e7[HTTP/1.1]
21:34:33.984 [Thread-2] DEBUG org.eclipse.jetty.util.component.ContainerLifeCycle - ServerConnector@65cb396d{HTTP/1.1, (http/1.1)}{0.0.0.0:0} added {SelectorManager@ServerConnector@65cb396d{HTTP/1.1, (http/1.1)}{0.0.0.0:0},MANAGED}
21:34:33.985 [Thread-2] DEBUG org.eclipse.jetty.util.component.ContainerLifeCycle - Server@caa58ab{STOPPED}[9.4.48.v20220622] added {ServerConnector@65cb396d{HTTP/1.1, (http/1.1)}{0.0.0.0:8080},AUTO}
21:34:33.985 [Thread-2] DEBUG org.eclipse.jetty.util.component.ContainerLifeCycle - Server@caa58ab{STOPPED}[9.4.48.v20220622] added {spark.embeddedserver.jetty.JettyHandler13365860==dftMaxIdleSec=-1,MANAGED}
21:34:33.985 [Thread-2] INFO spark.embeddedserver.jetty.EmbeddedJettyServer - == Spark has ignited ...
21:34:33.985 [Thread-2] INFO spark.embeddedserver.jetty.EmbeddedJettyServer - >> Listening on 0.0.0.0:8080
21:34:33.985 [Thread-2] DEBUG org.eclipse.jetty.util.component.AbstractLifeCycle - starting Server@caa58ab{STOPPED}[9.4.48.v20220622]
21:34:33.986 [Thread-2] DEBUG org.eclipse.jetty.util.component.ContainerLifeCycle - Server@caa58ab{STARTING}[9.4.48.v20220622] added {ErrorHandler@5c6d51c4{STOPPED},AUTO}
21:34:33.986 [Thread-2] INFO org.eclipse.jetty.server.Server - jetty-9.4.48.v20220622; built: 2022-06-21T20:42:25.880Z; git: 6b67c5719d1f4371b33655ff2d047d24e171e49a; jvm 17.0.9+11-LTS-201
21:34:33.990 [Thread-2] DEBUG org.eclipse.jetty.server.handler.AbstractHandler - starting Server@caa58ab{STARTING}[9.4.48.v20220622]
21:34:33.990 [Thread-2] DEBUG org.eclipse.jetty.util.component.AbstractLifeCycle - starting QueuedThreadPool[qtp265310387]@fd050b3{STOPPED,8<=0<=200,i=0,r=-1,q=0}[NO_TRY]
21:34:33.991 [Thread-2] DEBUG org.eclipse.jetty.util.thread.ReservedThreadExecutor - ReservedThreadExecutor@34f8be00{reserved=0/10,pending=0}
21:34:33.991 [Thread-2] DEBUG org.eclipse.jetty.util.component.ContainerLifeCycle - QueuedThreadPool[qtp265310387]@fd050b3{STARTING,8<=0<=200,i=0,r=-1,q=0}[ReservedThreadExecutor@34f8be00{reserved=0/10,pending=0}] added {ReservedThreadExecutor@34f8be00{reserved=0/10,pending=0},AUTO}
21:34:33.991 [Thread-2] DEBUG org.eclipse.jetty.util.component.AbstractLifeCycle - starting ReservedThreadExecutor@34f8be00{reserved=0/10,pending=0}
21:34:33.992 [Thread-2] DEBUG org.eclipse.jetty.util.component.AbstractLifeCycle - STARTED @1186ms ReservedThreadExecutor@34f8be00{reserved=0/10,pending=0}
21:34:33.992 [Thread-2] DEBUG org.eclipse.jetty.util.thread.QueuedThreadPool - Starting Thread[qtp265310387-21,5,main]
21:34:33.992 [Thread-2] DEBUG org.eclipse.jetty.util.thread.QueuedThreadPool - Starting Thread[qtp265310387-22,5,main]
21:34:33.992 [Thread-2] DEBUG org.eclipse.jetty.util.thread.QueuedThreadPool - Starting Thread[qtp265310387-23,5,main]
21:34:33.992 [qtp265310387-21] DEBUG org.eclipse.jetty.util.thread.QueuedThreadPool - Runner started for QueuedThreadPool[qtp265310387]@fd050b3{STARTING,8<=2<=200,i=2,r=-1,q=0}[ReservedThreadExecutor@34f8be00{reserved=0/10,pending=0}]
21:34:33.993 [Thread-2] DEBUG org.eclipse.jetty.util.thread.QueuedThreadPool - Starting Thread[qtp265310387-24,5,main]
21:34:33.993 [qtp265310387-22] DEBUG org.eclipse.jetty.util.thread.QueuedThreadPool - Runner started for QueuedThreadPool[qtp265310387]@fd050b3{STARTING,8<=3<=200,i=3,r=-1,q=0}[ReservedThreadExecutor@34f8be00{reserved=0/10,pending=0}]
21:34:33.993 [Thread-2] DEBUG org.eclipse.jetty.util.thread.QueuedThreadPool - Starting Thread[qtp265310387-25,5,main]
21:34:33.993 [Thread-2] DEBUG org.eclipse.jetty.util.thread.QueuedThreadPool - Starting Thread[qtp265310387-26,5,main]
21:34:33.993 [qtp265310387-24] DEBUG org.eclipse.jetty.util.thread.QueuedThreadPool - Runner started for QueuedThreadPool[qtp265310387]@fd050b3{STARTING,8<=5<=200,i=5,r=-1,q=0}[ReservedThreadExecutor@34f8be00{reserved=0/10,pending=0}]
21:34:33.993 [Thread-2] DEBUG org.eclipse.jetty.util.thread.QueuedThreadPool - Starting Thread[qtp265310387-27,5,main]
21:34:33.993 [qtp265310387-23] DEBUG org.eclipse.jetty.util.thread.QueuedThreadPool - Runner started for QueuedThreadPool[qtp265310387]@fd050b3{STARTING,8<=4<=200,i=4,r=-1,q=0}[ReservedThreadExecutor@34f8be00{reserved=0/10,pending=0}]
21:34:33.993 [qtp265310387-25] DEBUG org.eclipse.jetty.util.thread.QueuedThreadPool - Runner started for QueuedThreadPool[qtp265310387]@fd050b3{STARTING,8<=6<=200,i=6,r=-1,q=0}[ReservedThreadExecutor@34f8be00{reserved=0/10,pending=0}]
21:34:33.993 [qtp265310387-26] DEBUG org.eclipse.jetty.util.thread.QueuedThreadPool - Runner started for QueuedThreadPool[qtp265310387]@fd050b3{STARTING,8<=7<=200,i=7,r=-1,q=0}[ReservedThreadExecutor@34f8be00{reserved=0/10,pending=0}]
21:34:33.993 [Thread-2] DEBUG org.eclipse.jetty.util.thread.QueuedThreadPool - Starting Thread[qtp265310387-28,5,main]
21:34:33.993 [qtp265310387-27] DEBUG org.eclipse.jetty.util.thread.QueuedThreadPool - Runner started for QueuedThreadPool[qtp265310387]@fd050b3{STARTING,8<=8<=200,i=8,r=-1,q=0}[ReservedThreadExecutor@34f8be00{reserved=0/10,pending=0}]
21:34:33.993 [qtp265310387-28] DEBUG org.eclipse.jetty.util.thread.QueuedThreadPool - Runner started for QueuedThreadPool[qtp265310387]@fd050b3{STARTED,8<=8<=200,i=8,r=-1,q=0}[ReservedThreadExecutor@34f8be00{reserved=0/10,pending=0}]
21:34:33.993 [Thread-2] DEBUG org.eclipse.jetty.util.component.AbstractLifeCycle - STARTED @1187ms QueuedThreadPool[qtp265310387]@fd050b3{STARTED,8<=8<=200,i=8,r=-1,q=0}[ReservedThreadExecutor@34f8be00{reserved=0/10,pending=0}]
21:34:33.993 [Thread-2] DEBUG org.eclipse.jetty.util.component.AbstractLifeCycle - starting spark.embeddedserver.jetty.JettyHandler13365860==dftMaxIdleSec=-1
21:34:33.995 [Thread-2] DEBUG org.eclipse.jetty.util.component.ContainerLifeCycle - spark.embeddedserver.jetty.JettyHandler13365860==dftMaxIdleSec=-1 added {org.eclipse.jetty.server.session.DefaultSessionCache@8eb7f55[evict=-1,removeUnloadable=false,saveOnCreate=false,saveOnInactiveEvict=false],AUTO}
21:34:33.996 [Thread-2] DEBUG org.eclipse.jetty.util.component.ContainerLifeCycle - org.eclipse.jetty.server.session.DefaultSessionCache@8eb7f55[evict=-1,removeUnloadable=false,saveOnCreate=false,saveOnInactiveEvict=false] added {org.eclipse.jetty.server.session.NullSessionDataStore@5dc2a73f[passivating=false,graceSec=3600],AUTO}
21:34:33.997 [Thread-2] DEBUG org.eclipse.jetty.util.component.AbstractLifeCycle - starting DefaultSessionIdManager@4cf80425{STOPPED}[worker=null]
21:34:34.003 [Thread-2] INFO org.eclipse.jetty.server.session - DefaultSessionIdManager workerName=node0
21:34:34.003 [Thread-2] INFO org.eclipse.jetty.server.session - No SessionScavenger set, using defaults
21:34:34.003 [Thread-2] DEBUG org.eclipse.jetty.util.component.ContainerLifeCycle - DefaultSessionIdManager@4cf80425{STARTING}[worker=node0] added {HouseKeeper@49a575a0{STOPPED}[interval=600000, ownscheduler=false],MANAGED}
21:34:34.003 [Thread-2] DEBUG org.eclipse.jetty.util.component.AbstractLifeCycle - starting HouseKeeper@49a575a0{STOPPED}[interval=600000, ownscheduler=false]
21:34:34.003 [Thread-2] DEBUG org.eclipse.jetty.util.component.AbstractLifeCycle - starting ScheduledExecutorScheduler@7979621e{STOPPED}
21:34:34.004 [Thread-2] DEBUG org.eclipse.jetty.util.component.AbstractLifeCycle - STARTED @1198ms ScheduledExecutorScheduler@7979621e{STARTED}
21:34:34.004 [Thread-2] DEBUG org.eclipse.jetty.server.session - Using own scheduler for scavenging
21:34:34.004 [Thread-2] INFO org.eclipse.jetty.server.session - node0 Scavenging every 600000ms
21:34:34.005 [Thread-2] DEBUG org.eclipse.jetty.util.component.AbstractLifeCycle - STARTED @1199ms HouseKeeper@49a575a0{STARTED}[interval=600000, ownscheduler=true]
21:34:34.005 [Thread-2] DEBUG org.eclipse.jetty.util.component.AbstractLifeCycle - STARTED @1199ms DefaultSessionIdManager@4cf80425{STARTED}[worker=node0]
21:34:34.005 [Thread-2] DEBUG org.eclipse.jetty.util.component.ContainerLifeCycle - Server@caa58ab{STARTING}[9.4.48.v20220622] added {DefaultSessionIdManager@4cf80425{STARTED}[worker=node0],MANAGED}
21:34:34.005 [Thread-2] DEBUG org.eclipse.jetty.util.component.ContainerLifeCycle - spark.embeddedserver.jetty.JettyHandler13365860==dftMaxIdleSec=-1 added {DefaultSessionIdManager@4cf80425{STARTED}[worker=node0],UNMANAGED}
21:34:34.005 [Thread-2] DEBUG org.eclipse.jetty.util.component.AbstractLifeCycle - starting ScheduledExecutorScheduler@5cc4701e{STOPPED}
21:34:34.005 [Thread-2] DEBUG org.eclipse.jetty.util.component.AbstractLifeCycle - STARTED @1199ms ScheduledExecutorScheduler@5cc4701e{STARTED}
21:34:34.005 [Thread-2] DEBUG org.eclipse.jetty.server.handler.AbstractHandler - starting spark.embeddedserver.jetty.JettyHandler13365860==dftMaxIdleSec=-1
21:34:34.005 [Thread-2] DEBUG org.eclipse.jetty.util.component.AbstractLifeCycle - starting org.eclipse.jetty.server.session.DefaultSessionCache@8eb7f55[evict=-1,removeUnloadable=false,saveOnCreate=false,saveOnInactiveEvict=false]
21:34:34.005 [Thread-2] DEBUG org.eclipse.jetty.util.component.AbstractLifeCycle - starting org.eclipse.jetty.server.session.NullSessionDataStore@5dc2a73f[passivating=false,graceSec=3600]
21:34:34.005 [Thread-2] DEBUG org.eclipse.jetty.util.component.AbstractLifeCycle - STARTED @1200ms org.eclipse.jetty.server.session.NullSessionDataStore@5dc2a73f[passivating=false,graceSec=3600]
21:34:34.005 [Thread-2] DEBUG org.eclipse.jetty.util.component.AbstractLifeCycle - STARTED @1200ms org.eclipse.jetty.server.session.DefaultSessionCache@8eb7f55[evict=-1,removeUnloadable=false,saveOnCreate=false,saveOnInactiveEvict=false]
21:34:34.006 [Thread-2] DEBUG org.eclipse.jetty.util.component.AbstractLifeCycle - STARTED @1200ms spark.embeddedserver.jetty.JettyHandler13365860==dftMaxIdleSec=-1
21:34:34.006 [Thread-2] DEBUG org.eclipse.jetty.util.component.AbstractLifeCycle - starting ErrorHandler@5c6d51c4{STOPPED}
21:34:34.006 [Thread-2] DEBUG org.eclipse.jetty.server.handler.AbstractHandler - starting ErrorHandler@5c6d51c4{STARTING}
21:34:34.006 [Thread-2] DEBUG org.eclipse.jetty.util.component.AbstractLifeCycle - STARTED @1200ms ErrorHandler@5c6d51c4{STARTED}
21:34:34.006 [Thread-2] DEBUG org.eclipse.jetty.util.component.AbstractLifeCycle - starting ServerConnector@65cb396d{HTTP/1.1, (http/1.1)}{0.0.0.0:8080}
21:34:34.019 [Thread-2] DEBUG org.eclipse.jetty.util.component.ContainerLifeCycle - ServerConnector@65cb396d{HTTP/1.1, (http/1.1)}{0.0.0.0:8080} added {sun.nio.ch.ServerSocketChannelImpl[/[0:0:0:0:0:0:0:0]:8080],POJO}
21:34:34.020 [Thread-2] DEBUG org.eclipse.jetty.util.component.AbstractLifeCycle - starting ScheduledExecutorScheduler@75b6912f{STOPPED}
21:34:34.020 [Thread-2] DEBUG org.eclipse.jetty.util.component.AbstractLifeCycle - STARTED @1214ms ScheduledExecutorScheduler@75b6912f{STARTED}
21:34:34.020 [Thread-2] DEBUG org.eclipse.jetty.util.component.AbstractLifeCycle - starting HttpConnectionFactory@4bba40e7[HTTP/1.1]
21:34:34.020 [Thread-2] DEBUG org.eclipse.jetty.util.component.AbstractLifeCycle - STARTED @1214ms HttpConnectionFactory@4bba40e7[HTTP/1.1]
21:34:34.020 [Thread-2] DEBUG org.eclipse.jetty.util.component.AbstractLifeCycle - starting SelectorManager@ServerConnector@65cb396d{HTTP/1.1, (http/1.1)}{0.0.0.0:8080}
21:34:34.024 [Thread-2] DEBUG org.eclipse.jetty.util.component.ContainerLifeCycle - EatWhatYouKill@15e095b4/SelectorProducer@3ecfe67b/IDLE/p=false/QueuedThreadPool[qtp265310387]@fd050b3{STARTED,8<=8<=200,i=8,r=-1,q=0}[ReservedThreadExecutor@34f8be00{reserved=0/10,pending=0}][pc=0,pic=0,pec=0,epc=0]@2025-10-26T21:34:34.024125+01:00 added {SelectorProducer@3ecfe67b,POJO}
21:34:34.025 [Thread-2] DEBUG org.eclipse.jetty.util.component.ContainerLifeCycle - EatWhatYouKill@15e095b4/SelectorProducer@3ecfe67b/IDLE/p=false/QueuedThreadPool[qtp265310387]@fd050b3{STARTED,8<=8<=200,i=8,r=-1,q=0}[ReservedThreadExecutor@34f8be00{reserved=0/10,pending=0}][pc=0,pic=0,pec=0,epc=0]@2025-10-26T21:34:34.024919+01:00 added {QueuedThreadPool[qtp265310387]@fd050b3{STARTED,8<=8<=200,i=8,r=-1,q=0}[ReservedThreadExecutor@34f8be00{reserved=0/10,pending=0}],UNMANAGED}
21:34:34.025 [Thread-2] DEBUG org.eclipse.jetty.util.thread.strategy.EatWhatYouKill - EatWhatYouKill@15e095b4/SelectorProducer@3ecfe67b/IDLE/p=false/QueuedThreadPool[qtp265310387]@fd050b3{STARTED,8<=8<=200,i=8,r=-1,q=0}[ReservedThreadExecutor@34f8be00{reserved=0/10,pending=0}][pc=0,pic=0,pec=0,epc=0]@2025-10-26T21:34:34.025133+01:00 created
21:34:34.025 [Thread-2] DEBUG org.eclipse.jetty.util.component.ContainerLifeCycle - ManagedSelector@1ca733a8{STOPPED} id=0 keys=-1 selected=-1 updates=0 added {EatWhatYouKill@15e095b4/SelectorProducer@3ecfe67b/IDLE/p=false/QueuedThreadPool[qtp265310387]@fd050b3{STARTED,8<=8<=200,i=8,r=-1,q=0}[ReservedThreadExecutor@34f8be00{reserved=0/10,pending=0}][pc=0,pic=0,pec=0,epc=0]@2025-10-26T21:34:34.025306+01:00,MANAGED}
21:34:34.025 [Thread-2] DEBUG org.eclipse.jetty.util.component.ContainerLifeCycle - SelectorManager@ServerConnector@65cb396d{HTTP/1.1, (http/1.1)}{0.0.0.0:8080} added {ManagedSelector@1ca733a8{STOPPED} id=0 keys=-1 selected=-1 updates=0,AUTO}
21:34:34.025 [Thread-2] DEBUG org.eclipse.jetty.util.component.ContainerLifeCycle - EatWhatYouKill@40e488a5/SelectorProducer@206e7499/IDLE/p=false/QueuedThreadPool[qtp265310387]@fd050b3{STARTED,8<=8<=200,i=8,r=-1,q=0}[ReservedThreadExecutor@34f8be00{reserved=0/10,pending=0}][pc=0,pic=0,pec=0,epc=0]@2025-10-26T21:34:34.02554+01:00 added {SelectorProducer@206e7499,POJO}
21:34:34.025 [Thread-2] DEBUG org.eclipse.jetty.util.component.ContainerLifeCycle - EatWhatYouKill@40e488a5/SelectorProducer@206e7499/IDLE/p=false/QueuedThreadPool[qtp265310387]@fd050b3{STARTED,8<=8<=200,i=8,r=-1,q=0}[ReservedThreadExecutor@34f8be00{reserved=0/10,pending=0}][pc=0,pic=0,pec=0,epc=0]@2025-10-26T21:34:34.025669+01:00 added {QueuedThreadPool[qtp265310387]@fd050b3{STARTED,8<=8<=200,i=8,r=-1,q=0}[ReservedThreadExecutor@34f8be00{reserved=0/10,pending=0}],UNMANAGED}
21:34:34.025 [Thread-2] DEBUG org.eclipse.jetty.util.thread.strategy.EatWhatYouKill - EatWhatYouKill@40e488a5/SelectorProducer@206e7499/IDLE/p=false/QueuedThreadPool[qtp265310387]@fd050b3{STARTED,8<=8<=200,i=8,r=-1,q=0}[ReservedThreadExecutor@34f8be00{reserved=0/10,pending=0}][pc=0,pic=0,pec=0,epc=0]@2025-10-26T21:34:34.025848+01:00 created
21:34:34.026 [Thread-2] DEBUG org.eclipse.jetty.util.component.ContainerLifeCycle - ManagedSelector@76520cc5{STOPPED} id=1 keys=-1 selected=-1 updates=0 added {EatWhatYouKill@40e488a5/SelectorProducer@206e7499/IDLE/p=false/QueuedThreadPool[qtp265310387]@fd050b3{STARTED,8<=8<=200,i=8,r=-1,q=0}[ReservedThreadExecutor@34f8be00{reserved=0/10,pending=0}][pc=0,pic=0,pec=0,epc=0]@2025-10-26T21:34:34.025984+01:00,MANAGED}
21:34:34.026 [Thread-2] DEBUG org.eclipse.jetty.util.component.ContainerLifeCycle - SelectorManager@ServerConnector@65cb396d{HTTP/1.1, (http/1.1)}{0.0.0.0:8080} added {ManagedSelector@76520cc5{STOPPED} id=1 keys=-1 selected=-1 updates=0,AUTO}
21:34:34.026 [Thread-2] DEBUG org.eclipse.jetty.util.component.ContainerLifeCycle - EatWhatYouKill@53cd5bd4/SelectorProducer@370850a8/IDLE/p=false/QueuedThreadPool[qtp265310387]@fd050b3{STARTED,8<=8<=200,i=8,r=-1,q=0}[ReservedThreadExecutor@34f8be00{reserved=0/10,pending=0}][pc=0,pic=0,pec=0,epc=0]@2025-10-26T21:34:34.026233+01:00 added {SelectorProducer@370850a8,POJO}
21:34:34.026 [Thread-2] DEBUG org.eclipse.jetty.util.component.ContainerLifeCycle - EatWhatYouKill@53cd5bd4/SelectorProducer@370850a8/IDLE/p=false/QueuedThreadPool[qtp265310387]@fd050b3{STARTED,8<=8<=200,i=8,r=-1,q=0}[ReservedThreadExecutor@34f8be00{reserved=0/10,pending=0}][pc=0,pic=0,pec=0,epc=0]@2025-10-26T21:34:34.026356+01:00 added {QueuedThreadPool[qtp265310387]@fd050b3{STARTED,8<=8<=200,i=8,r=-1,q=0}[ReservedThreadExecutor@34f8be00{reserved=0/10,pending=0}],UNMANAGED}
21:34:34.026 [Thread-2] DEBUG org.eclipse.jetty.util.thread.strategy.EatWhatYouKill - EatWhatYouKill@53cd5bd4/SelectorProducer@370850a8/IDLE/p=false/QueuedThreadPool[qtp265310387]@fd050b3{STARTED,8<=8<=200,i=8,r=-1,q=0}[ReservedThreadExecutor@34f8be00{reserved=0/10,pending=0}][pc=0,pic=0,pec=0,epc=0]@2025-10-26T21:34:34.026502+01:00 created
21:34:34.026 [Thread-2] DEBUG org.eclipse.jetty.util.component.ContainerLifeCycle - ManagedSelector@6491206c{STOPPED} id=2 keys=-1 selected=-1 updates=0 added {EatWhatYouKill@53cd5bd4/SelectorProducer@370850a8/IDLE/p=false/QueuedThreadPool[qtp265310387]@fd050b3{STARTED,8<=8<=200,i=8,r=-1,q=0}[ReservedThreadExecutor@34f8be00{reserved=0/10,pending=0}][pc=0,pic=0,pec=0,epc=0]@2025-10-26T21:34:34.026634+01:00,MANAGED}
21:34:34.026 [Thread-2] DEBUG org.eclipse.jetty.util.component.ContainerLifeCycle - SelectorManager@ServerConnector@65cb396d{HTTP/1.1, (http/1.1)}{0.0.0.0:8080} added {ManagedSelector@6491206c{STOPPED} id=2 keys=-1 selected=-1 updates=0,AUTO}
21:34:34.026 [Thread-2] DEBUG org.eclipse.jetty.util.component.ContainerLifeCycle - EatWhatYouKill@2c33c1f/SelectorProducer@3be9d468/IDLE/p=false/QueuedThreadPool[qtp265310387]@fd050b3{STARTED,8<=8<=200,i=8,r=-1,q=0}[ReservedThreadExecutor@34f8be00{reserved=0/10,pending=0}][pc=0,pic=0,pec=0,epc=0]@2025-10-26T21:34:34.026824+01:00 added {SelectorProducer@3be9d468,POJO}
21:34:34.027 [Thread-2] DEBUG org.eclipse.jetty.util.component.ContainerLifeCycle - EatWhatYouKill@2c33c1f/SelectorProducer@3be9d468/IDLE/p=false/QueuedThreadPool[qtp265310387]@fd050b3{STARTED,8<=8<=200,i=8,r=-1,q=0}[ReservedThreadExecutor@34f8be00{reserved=0/10,pending=0}][pc=0,pic=0,pec=0,epc=0]@2025-10-26T21:34:34.026942+01:00 added {QueuedThreadPool[qtp265310387]@fd050b3{STARTED,8<=8<=200,i=8,r=-1,q=0}[ReservedThreadExecutor@34f8be00{reserved=0/10,pending=0}],UNMANAGED}
21:34:34.027 [Thread-2] DEBUG org.eclipse.jetty.util.thread.strategy.EatWhatYouKill - EatWhatYouKill@2c33c1f/SelectorProducer@3be9d468/IDLE/p=false/QueuedThreadPool[qtp265310387]@fd050b3{STARTED,8<=8<=200,i=8,r=-1,q=0}[ReservedThreadExecutor@34f8be00{reserved=0/10,pending=0}][pc=0,pic=0,pec=0,epc=0]@2025-10-26T21:34:34.027118+01:00 created
21:34:34.027 [Thread-2] DEBUG org.eclipse.jetty.util.component.ContainerLifeCycle - ManagedSelector@4e114ead{STOPPED} id=3 keys=-1 selected=-1 updates=0 added {EatWhatYouKill@2c33c1f/SelectorProducer@3be9d468/IDLE/p=false/QueuedThreadPool[qtp265310387]@fd050b3{STARTED,8<=8<=200,i=8,r=-1,q=0}[ReservedThreadExecutor@34f8be00{reserved=0/10,pending=0}][pc=0,pic=0,pec=0,epc=0]@2025-10-26T21:34:34.027352+01:00,MANAGED}
21:34:34.027 [Thread-2] DEBUG org.eclipse.jetty.util.component.ContainerLifeCycle - SelectorManager@ServerConnector@65cb396d{HTTP/1.1, (http/1.1)}{0.0.0.0:8080} added {ManagedSelector@4e114ead{STOPPED} id=3 keys=-1 selected=-1 updates=0,AUTO}
21:34:34.027 [Thread-2] DEBUG org.eclipse.jetty.util.component.ContainerLifeCycle - EatWhatYouKill@236e9543/SelectorProducer@385666f5/IDLE/p=false/QueuedThreadPool[qtp265310387]@fd050b3{STARTED,8<=8<=200,i=8,r=-1,q=0}[ReservedThreadExecutor@34f8be00{reserved=0/10,pending=0}][pc=0,pic=0,pec=0,epc=0]@2025-10-26T21:34:34.027599+01:00 added {SelectorProducer@385666f5,POJO}
21:34:34.027 [Thread-2] DEBUG org.eclipse.jetty.util.component.ContainerLifeCycle - EatWhatYouKill@236e9543/SelectorProducer@385666f5/IDLE/p=false/QueuedThreadPool[qtp265310387]@fd050b3{STARTED,8<=8<=200,i=8,r=-1,q=0}[ReservedThreadExecutor@34f8be00{reserved=0/10,pending=0}][pc=0,pic=0,pec=0,epc=0]@2025-10-26T21:34:34.027711+01:00 added {QueuedThreadPool[qtp265310387]@fd050b3{STARTED,8<=8<=200,i=8,r=-1,q=0}[ReservedThreadExecutor@34f8be00{reserved=0/10,pending=0}],UNMANAGED}
21:34:34.027 [Thread-2] DEBUG org.eclipse.jetty.util.thread.strategy.EatWhatYouKill - EatWhatYouKill@236e9543/SelectorProducer@385666f5/IDLE/p=false/QueuedThreadPool[qtp265310387]@fd050b3{STARTED,8<=8<=200,i=8,r=-1,q=0}[ReservedThreadExecutor@34f8be00{reserved=0/10,pending=0}][pc=0,pic=0,pec=0,epc=0]@2025-10-26T21:34:34.027868+01:00 created
21:34:34.028 [Thread-2] DEBUG org.eclipse.jetty.util.component.ContainerLifeCycle - ManagedSelector@4d69af03{STOPPED} id=4 keys=-1 selected=-1 updates=0 added {EatWhatYouKill@236e9543/SelectorProducer@385666f5/IDLE/p=false/QueuedThreadPool[qtp265310387]@fd050b3{STARTED,8<=8<=200,i=8,r=-1,q=0}[ReservedThreadExecutor@34f8be00{reserved=0/10,pending=0}][pc=0,pic=0,pec=0,epc=0]@2025-10-26T21:34:34.028001+01:00,MANAGED}
21:34:34.028 [Thread-2] DEBUG org.eclipse.jetty.util.component.ContainerLifeCycle - SelectorManager@ServerConnector@65cb396d{HTTP/1.1, (http/1.1)}{0.0.0.0:8080} added {ManagedSelector@4d69af03{STOPPED} id=4 keys=-1 selected=-1 updates=0,AUTO}
21:34:34.028 [Thread-2] DEBUG org.eclipse.jetty.util.component.AbstractLifeCycle - starting ManagedSelector@1ca733a8{STOPPED} id=0 keys=-1 selected=-1 updates=0
21:34:34.028 [Thread-2] DEBUG org.eclipse.jetty.util.component.AbstractLifeCycle - starting EatWhatYouKill@15e095b4/SelectorProducer@3ecfe67b/IDLE/p=false/QueuedThreadPool[qtp265310387]@fd050b3{STARTED,8<=8<=200,i=8,r=-1,q=0}[ReservedThreadExecutor@34f8be00{reserved=0/10,pending=0}][pc=0,pic=0,pec=0,epc=0]@2025-10-26T21:34:34.028244+01:00
21:34:34.028 [Thread-2] DEBUG org.eclipse.jetty.util.component.AbstractLifeCycle - STARTED @1222ms EatWhatYouKill@15e095b4/SelectorProducer@3ecfe67b/IDLE/p=false/QueuedThreadPool[qtp265310387]@fd050b3{STARTED,8<=8<=200,i=8,r=-1,q=0}[ReservedThreadExecutor@34f8be00{reserved=0/10,pending=0}][pc=0,pic=0,pec=0,epc=0]@2025-10-26T21:34:34.028349+01:00
21:34:34.031 [Thread-2] DEBUG org.eclipse.jetty.util.thread.QueuedThreadPool - queue org.eclipse.jetty.io.ManagedSelector$$Lambda$545/0x000000d00141c108@26548bfb startThread=0
21:34:34.031 [qtp265310387-21] DEBUG org.eclipse.jetty.util.thread.QueuedThreadPool - run org.eclipse.jetty.io.ManagedSelector$$Lambda$545/0x000000d00141c108@26548bfb in QueuedThreadPool[qtp265310387]@fd050b3{STARTED,8<=8<=200,i=7,r=-1,q=0}[ReservedThreadExecutor@34f8be00{reserved=0/10,pending=0}]
21:34:34.031 [qtp265310387-21] DEBUG org.eclipse.jetty.util.thread.strategy.EatWhatYouKill - EatWhatYouKill@15e095b4/SelectorProducer@3ecfe67b/IDLE/p=false/QueuedThreadPool[qtp265310387]@fd050b3{STARTED,8<=8<=200,i=7,r=-1,q=0}[ReservedThreadExecutor@34f8be00{reserved=0/10,pending=0}][pc=0,pic=0,pec=0,epc=0]@2025-10-26T21:34:34.031666+01:00 tryProduce false
21:34:34.031 [Thread-2] DEBUG org.eclipse.jetty.io.ManagedSelector - Queued change lazy=false org.eclipse.jetty.io.ManagedSelector$Start@707e8310 on ManagedSelector@1ca733a8{STARTING} id=0 keys=0 selected=0 updates=0
21:34:34.032 [qtp265310387-21] DEBUG org.eclipse.jetty.io.ManagedSelector - updateable 1
21:34:34.032 [qtp265310387-21] DEBUG org.eclipse.jetty.io.ManagedSelector - update org.eclipse.jetty.io.ManagedSelector$Start@707e8310
21:34:34.032 [qtp265310387-21] DEBUG org.eclipse.jetty.io.ManagedSelector - updates 0
21:34:34.032 [qtp265310387-21] DEBUG org.eclipse.jetty.io.ManagedSelector - Selector sun.nio.ch.KQueueSelectorImpl@3c951f28 waiting with 0 keys
21:34:34.032 [Thread-2] DEBUG org.eclipse.jetty.util.component.AbstractLifeCycle - STARTED @1226ms ManagedSelector@1ca733a8{STARTED} id=0 keys=0 selected=0 updates=0
21:34:34.032 [Thread-2] DEBUG org.eclipse.jetty.util.component.AbstractLifeCycle - starting ManagedSelector@76520cc5{STOPPED} id=1 keys=-1 selected=-1 updates=0
21:34:34.032 [Thread-2] DEBUG org.eclipse.jetty.util.component.AbstractLifeCycle - starting EatWhatYouKill@40e488a5/SelectorProducer@206e7499/IDLE/p=false/QueuedThreadPool[qtp265310387]@fd050b3{STARTED,8<=8<=200,i=7,r=-1,q=0}[ReservedThreadExecutor@34f8be00{reserved=0/10,pending=0}][pc=0,pic=0,pec=0,epc=0]@2025-10-26T21:34:34.032355+01:00
21:34:34.032 [Thread-2] DEBUG org.eclipse.jetty.util.component.AbstractLifeCycle - STARTED @1227ms EatWhatYouKill@40e488a5/SelectorProducer@206e7499/IDLE/p=false/QueuedThreadPool[qtp265310387]@fd050b3{STARTED,8<=8<=200,i=7,r=-1,q=0}[ReservedThreadExecutor@34f8be00{reserved=0/10,pending=0}][pc=0,pic=0,pec=0,epc=0]@2025-10-26T21:34:34.032751+01:00
21:34:34.032 [Thread-2] DEBUG org.eclipse.jetty.util.thread.QueuedThreadPool - queue org.eclipse.jetty.io.ManagedSelector$$Lambda$545/0x000000d00141c108@6676a95b startThread=0
21:34:34.032 [qtp265310387-22] DEBUG org.eclipse.jetty.util.thread.QueuedThreadPool - run org.eclipse.jetty.io.ManagedSelector$$Lambda$545/0x000000d00141c108@6676a95b in QueuedThreadPool[qtp265310387]@fd050b3{STARTED,8<=8<=200,i=6,r=-1,q=0}[ReservedThreadExecutor@34f8be00{reserved=0/10,pending=0}]
21:34:34.032 [Thread-2] DEBUG org.eclipse.jetty.io.ManagedSelector - Queued change lazy=false org.eclipse.jetty.io.ManagedSelector$Start@6294d086 on ManagedSelector@76520cc5{STARTING} id=1 keys=0 selected=0 updates=0
21:34:34.033 [qtp265310387-22] DEBUG org.eclipse.jetty.util.thread.strategy.EatWhatYouKill - EatWhatYouKill@40e488a5/SelectorProducer@206e7499/IDLE/p=false/QueuedThreadPool[qtp265310387]@fd050b3{STARTED,8<=8<=200,i=6,r=-1,q=0}[ReservedThreadExecutor@34f8be00{reserved=0/10,pending=0}][pc=0,pic=0,pec=0,epc=0]@2025-10-26T21:34:34.032978+01:00 tryProduce false
21:34:34.033 [qtp265310387-22] DEBUG org.eclipse.jetty.io.ManagedSelector - updateable 1
21:34:34.033 [qtp265310387-22] DEBUG org.eclipse.jetty.io.ManagedSelector - update org.eclipse.jetty.io.ManagedSelector$Start@6294d086
21:34:34.033 [qtp265310387-22] DEBUG org.eclipse.jetty.io.ManagedSelector - updates 0
21:34:34.033 [qtp265310387-22] DEBUG org.eclipse.jetty.io.ManagedSelector - Selector sun.nio.ch.KQueueSelectorImpl@5803522c waiting with 0 keys
21:34:34.033 [Thread-2] DEBUG org.eclipse.jetty.util.component.AbstractLifeCycle - STARTED @1227ms ManagedSelector@76520cc5{STARTED} id=1 keys=0 selected=0 updates=0
21:34:34.033 [Thread-2] DEBUG org.eclipse.jetty.util.component.AbstractLifeCycle - starting ManagedSelector@6491206c{STOPPED} id=2 keys=-1 selected=-1 updates=0
21:34:34.033 [Thread-2] DEBUG org.eclipse.jetty.util.component.AbstractLifeCycle - starting EatWhatYouKill@53cd5bd4/SelectorProducer@370850a8/IDLE/p=false/QueuedThreadPool[qtp265310387]@fd050b3{STARTED,8<=8<=200,i=6,r=-1,q=0}[ReservedThreadExecutor@34f8be00{reserved=0/10,pending=0}][pc=0,pic=0,pec=0,epc=0]@2025-10-26T21:34:34.033347+01:00
21:34:34.033 [Thread-2] DEBUG org.eclipse.jetty.util.component.AbstractLifeCycle - STARTED @1227ms EatWhatYouKill@53cd5bd4/SelectorProducer@370850a8/IDLE/p=false/QueuedThreadPool[qtp265310387]@fd050b3{STARTED,8<=8<=200,i=6,r=-1,q=0}[ReservedThreadExecutor@34f8be00{reserved=0/10,pending=0}][pc=0,pic=0,pec=0,epc=0]@2025-10-26T21:34:34.033443+01:00
21:34:34.033 [Thread-2] DEBUG org.eclipse.jetty.util.thread.QueuedThreadPool - queue org.eclipse.jetty.io.ManagedSelector$$Lambda$545/0x000000d00141c108@e4e8973 startThread=0
21:34:34.033 [qtp265310387-24] DEBUG org.eclipse.jetty.util.thread.QueuedThreadPool - run org.eclipse.jetty.io.ManagedSelector$$Lambda$545/0x000000d00141c108@e4e8973 in QueuedThreadPool[qtp265310387]@fd050b3{STARTED,8<=8<=200,i=5,r=-1,q=0}[ReservedThreadExecutor@34f8be00{reserved=0/10,pending=0}]
21:34:34.033 [Thread-2] DEBUG org.eclipse.jetty.io.ManagedSelector - Queued change lazy=false org.eclipse.jetty.io.ManagedSelector$Start@14ab8786 on ManagedSelector@6491206c{STARTING} id=2 keys=0 selected=0 updates=0
21:34:34.033 [qtp265310387-24] DEBUG org.eclipse.jetty.util.thread.strategy.EatWhatYouKill - EatWhatYouKill@53cd5bd4/SelectorProducer@370850a8/IDLE/p=false/QueuedThreadPool[qtp265310387]@fd050b3{STARTED,8<=8<=200,i=5,r=-1,q=0}[ReservedThreadExecutor@34f8be00{reserved=0/10,pending=0}][pc=0,pic=0,pec=0,epc=0]@2025-10-26T21:34:34.033636+01:00 tryProduce false
21:34:34.033 [qtp265310387-24] DEBUG org.eclipse.jetty.io.ManagedSelector - updateable 1
21:34:34.033 [qtp265310387-24] DEBUG org.eclipse.jetty.io.ManagedSelector - update org.eclipse.jetty.io.ManagedSelector$Start@14ab8786
21:34:34.033 [qtp265310387-24] DEBUG org.eclipse.jetty.io.ManagedSelector - updates 0
21:34:34.033 [qtp265310387-24] DEBUG org.eclipse.jetty.io.ManagedSelector - Selector sun.nio.ch.KQueueSelectorImpl@4590f19e waiting with 0 keys
21:34:34.033 [Thread-2] DEBUG org.eclipse.jetty.util.component.AbstractLifeCycle - STARTED @1228ms ManagedSelector@6491206c{STARTED} id=2 keys=0 selected=0 updates=0
21:34:34.033 [Thread-2] DEBUG org.eclipse.jetty.util.component.AbstractLifeCycle - starting ManagedSelector@4e114ead{STOPPED} id=3 keys=-1 selected=-1 updates=0
21:34:34.034 [Thread-2] DEBUG org.eclipse.jetty.util.component.AbstractLifeCycle - starting EatWhatYouKill@2c33c1f/SelectorProducer@3be9d468/IDLE/p=false/QueuedThreadPool[qtp265310387]@fd050b3{STARTED,8<=8<=200,i=5,r=-1,q=0}[ReservedThreadExecutor@34f8be00{reserved=0/10,pending=0}][pc=0,pic=0,pec=0,epc=0]@2025-10-26T21:34:34.033989+01:00
21:34:34.034 [Thread-2] DEBUG org.eclipse.jetty.util.component.AbstractLifeCycle - STARTED @1228ms EatWhatYouKill@2c33c1f/SelectorProducer@3be9d468/IDLE/p=false/QueuedThreadPool[qtp265310387]@fd050b3{STARTED,8<=8<=200,i=5,r=-1,q=0}[ReservedThreadExecutor@34f8be00{reserved=0/10,pending=0}][pc=0,pic=0,pec=0,epc=0]@2025-10-26T21:34:34.034106+01:00
21:34:34.034 [Thread-2] DEBUG org.eclipse.jetty.util.thread.QueuedThreadPool - queue org.eclipse.jetty.io.ManagedSelector$$Lambda$545/0x000000d00141c108@47c4d839 startThread=0
21:34:34.034 [Thread-2] DEBUG org.eclipse.jetty.io.ManagedSelector - Queued change lazy=false org.eclipse.jetty.io.ManagedSelector$Start@31030a7 on ManagedSelector@4e114ead{STARTING} id=3 keys=0 selected=0 updates=0
21:34:34.034 [qtp265310387-23] DEBUG org.eclipse.jetty.util.thread.QueuedThreadPool - run org.eclipse.jetty.io.ManagedSelector$$Lambda$545/0x000000d00141c108@47c4d839 in QueuedThreadPool[qtp265310387]@fd050b3{STARTED,8<=8<=200,i=4,r=-1,q=0}[ReservedThreadExecutor@34f8be00{reserved=0/10,pending=0}]
21:34:34.034 [qtp265310387-23] DEBUG org.eclipse.jetty.util.thread.strategy.EatWhatYouKill - EatWhatYouKill@2c33c1f/SelectorProducer@3be9d468/IDLE/p=false/QueuedThreadPool[qtp265310387]@fd050b3{STARTED,8<=8<=200,i=4,r=-1,q=0}[ReservedThreadExecutor@34f8be00{reserved=0/10,pending=0}][pc=0,pic=0,pec=0,epc=0]@2025-10-26T21:34:34.034368+01:00 tryProduce false
21:34:34.034 [qtp265310387-23] DEBUG org.eclipse.jetty.io.ManagedSelector - updateable 1
21:34:34.034 [qtp265310387-23] DEBUG org.eclipse.jetty.io.ManagedSelector - update org.eclipse.jetty.io.ManagedSelector$Start@31030a7
21:34:34.034 [qtp265310387-23] DEBUG org.eclipse.jetty.io.ManagedSelector - updates 0
21:34:34.034 [qtp265310387-23] DEBUG org.eclipse.jetty.io.ManagedSelector - Selector sun.nio.ch.KQueueSelectorImpl@c77a50 waiting with 0 keys
21:34:34.034 [Thread-2] DEBUG org.eclipse.jetty.util.component.AbstractLifeCycle - STARTED @1228ms ManagedSelector@4e114ead{STARTED} id=3 keys=0 selected=0 updates=0
21:34:34.034 [Thread-2] DEBUG org.eclipse.jetty.util.component.AbstractLifeCycle - starting ManagedSelector@4d69af03{STOPPED} id=4 keys=-1 selected=-1 updates=0
21:34:34.034 [Thread-2] DEBUG org.eclipse.jetty.util.component.AbstractLifeCycle - starting EatWhatYouKill@236e9543/SelectorProducer@385666f5/IDLE/p=false/QueuedThreadPool[qtp265310387]@fd050b3{STARTED,8<=8<=200,i=4,r=-1,q=0}[ReservedThreadExecutor@34f8be00{reserved=0/10,pending=0}][pc=0,pic=0,pec=0,epc=0]@2025-10-26T21:34:34.034664+01:00
21:34:34.034 [Thread-2] DEBUG org.eclipse.jetty.util.component.AbstractLifeCycle - STARTED @1229ms EatWhatYouKill@236e9543/SelectorProducer@385666f5/IDLE/p=false/QueuedThreadPool[qtp265310387]@fd050b3{STARTED,8<=8<=200,i=4,r=-1,q=0}[ReservedThreadExecutor@34f8be00{reserved=0/10,pending=0}][pc=0,pic=0,pec=0,epc=0]@2025-10-26T21:34:34.034781+01:00
21:34:34.034 [Thread-2] DEBUG org.eclipse.jetty.util.thread.QueuedThreadPool - queue org.eclipse.jetty.io.ManagedSelector$$Lambda$545/0x000000d00141c108@79ef24a7 startThread=0
21:34:34.034 [Thread-2] DEBUG org.eclipse.jetty.io.ManagedSelector - Queued change lazy=false org.eclipse.jetty.io.ManagedSelector$Start@31b01bab on ManagedSelector@4d69af03{STARTING} id=4 keys=0 selected=0 updates=0
21:34:34.034 [qtp265310387-25] DEBUG org.eclipse.jetty.util.thread.QueuedThreadPool - run org.eclipse.jetty.io.ManagedSelector$$Lambda$545/0x000000d00141c108@79ef24a7 in QueuedThreadPool[qtp265310387]@fd050b3{STARTED,8<=8<=200,i=3,r=-1,q=0}[ReservedThreadExecutor@34f8be00{reserved=0/10,pending=0}]
21:34:34.035 [qtp265310387-25] DEBUG org.eclipse.jetty.util.thread.strategy.EatWhatYouKill - EatWhatYouKill@236e9543/SelectorProducer@385666f5/IDLE/p=false/QueuedThreadPool[qtp265310387]@fd050b3{STARTED,8<=8<=200,i=3,r=-1,q=0}[ReservedThreadExecutor@34f8be00{reserved=0/10,pending=0}][pc=0,pic=0,pec=0,epc=0]@2025-10-26T21:34:34.035065+01:00 tryProduce false
21:34:34.035 [qtp265310387-25] DEBUG org.eclipse.jetty.io.ManagedSelector - updateable 1
21:34:34.035 [qtp265310387-25] DEBUG org.eclipse.jetty.io.ManagedSelector - update org.eclipse.jetty.io.ManagedSelector$Start@31b01bab
21:34:34.035 [qtp265310387-25] DEBUG org.eclipse.jetty.io.ManagedSelector - updates 0
21:34:34.035 [qtp265310387-25] DEBUG org.eclipse.jetty.io.ManagedSelector - Selector sun.nio.ch.KQueueSelectorImpl@7fa8f5ed waiting with 0 keys
21:34:34.035 [Thread-2] DEBUG org.eclipse.jetty.util.component.AbstractLifeCycle - STARTED @1229ms ManagedSelector@4d69af03{STARTED} id=4 keys=0 selected=0 updates=0
21:34:34.035 [Thread-2] DEBUG org.eclipse.jetty.util.component.AbstractLifeCycle - STARTED @1229ms SelectorManager@ServerConnector@65cb396d{HTTP/1.1, (http/1.1)}{0.0.0.0:8080}
21:34:34.035 [Thread-2] DEBUG org.eclipse.jetty.util.component.ContainerLifeCycle - ServerConnector@65cb396d{HTTP/1.1, (http/1.1)}{0.0.0.0:8080} added {acceptor-0@63d5674b,POJO}
21:34:34.035 [Thread-2] DEBUG org.eclipse.jetty.util.thread.QueuedThreadPool - queue acceptor-0@63d5674b startThread=0
21:34:34.035 [Thread-2] INFO org.eclipse.jetty.server.AbstractConnector - Started ServerConnector@65cb396d{HTTP/1.1, (http/1.1)}{0.0.0.0:8080}
21:34:34.035 [Thread-2] DEBUG org.eclipse.jetty.util.component.AbstractLifeCycle - STARTED @1230ms ServerConnector@65cb396d{HTTP/1.1, (http/1.1)}{0.0.0.0:8080}
21:34:34.035 [Thread-2] INFO org.eclipse.jetty.server.Server - Started @1230ms
21:34:34.035 [qtp265310387-26] DEBUG org.eclipse.jetty.util.thread.QueuedThreadPool - run acceptor-0@63d5674b in QueuedThreadPool[qtp265310387]@fd050b3{STARTED,8<=8<=200,i=2,r=-1,q=0}[ReservedThreadExecutor@34f8be00{reserved=0/10,pending=0}]
21:34:34.036 [Thread-2] DEBUG org.eclipse.jetty.util.component.AbstractLifeCycle - STARTED @1230ms Server@caa58ab{STARTED}[9.4.48.v20220622]
Mock server started at http://localhost:8080
21:34:34.037 [main] INFO com.intuit.karate - << lock released, cached callSingle: classpath:common/server-setup.feature
21:34:34.058 [main] DEBUG io.netty.util.internal.logging.InternalLoggerFactory - Using SLF4J as the default logging framework
21:34:34.060 [main] DEBUG io.netty.util.internal.PlatformDependent0 - -Dio.netty.noUnsafe: false
21:34:34.060 [main] DEBUG io.netty.util.internal.PlatformDependent0 - Java version: 17
21:34:34.060 [main] DEBUG io.netty.util.internal.PlatformDependent0 - sun.misc.Unsafe.theUnsafe: available
21:34:34.060 [main] DEBUG io.netty.util.internal.PlatformDependent0 - sun.misc.Unsafe.copyMemory: available
21:34:34.060 [main] DEBUG io.netty.util.internal.PlatformDependent0 - sun.misc.Unsafe.storeFence: available
21:34:34.061 [main] DEBUG io.netty.util.internal.PlatformDependent0 - java.nio.Buffer.address: available
21:34:34.061 [main] DEBUG io.netty.util.internal.PlatformDependent0 - direct buffer constructor: unavailable: Reflective setAccessible(true) disabled
21:34:34.061 [main] DEBUG io.netty.util.internal.PlatformDependent0 - java.nio.Bits.unaligned: available, true
21:34:34.061 [main] DEBUG io.netty.util.internal.PlatformDependent0 - jdk.internal.misc.Unsafe.allocateUninitializedArray(int): unavailable: class io.netty.util.internal.PlatformDependent0$7 cannot access class jdk.internal.misc.Unsafe (in module java.base) because module java.base does not export jdk.internal.misc to unnamed module @77ad2aa5
21:34:34.062 [main] DEBUG io.netty.util.internal.PlatformDependent0 - java.nio.DirectByteBuffer.<init>(long, int): unavailable
21:34:34.063 [main] DEBUG io.netty.util.internal.PlatformDependent - sun.misc.Unsafe: available
21:34:34.064 [main] DEBUG io.netty.util.internal.PlatformDependent - maxDirectMemory: 4294967296 bytes (maybe)
21:34:34.064 [main] DEBUG io.netty.util.internal.PlatformDependent - -Dio.netty.tmpdir: /var/folders/rc/_xk_44rj3ks5lj7cxrs3swt40000gn/T (java.io.tmpdir)
21:34:34.064 [main] DEBUG io.netty.util.internal.PlatformDependent - -Dio.netty.bitMode: 64 (sun.arch.data.model)
21:34:34.064 [main] DEBUG io.netty.util.internal.PlatformDependent - Platform: MacOS
21:34:34.065 [main] DEBUG io.netty.util.internal.PlatformDependent - -Dio.netty.maxDirectMemory: -1 bytes
21:34:34.065 [main] DEBUG io.netty.util.internal.PlatformDependent - -Dio.netty.uninitializedArrayAllocationThreshold: -1
21:34:34.065 [main] DEBUG io.netty.util.internal.CleanerJava9 - java.nio.ByteBuffer.cleaner(): available
21:34:34.065 [main] DEBUG io.netty.util.internal.PlatformDependent - -Dio.netty.noPreferDirect: false
21:34:34.200 [main] DEBUG org.apache.http.client.protocol.RequestAddCookies - CookieSpec selected: karate
21:34:34.203 [main] DEBUG org.apache.http.client.protocol.RequestAuthCache - Auth cache not set in the context
21:34:34.204 [main] DEBUG com.intuit.karate - request:
1 > POST http://localhost:8080/todos
1 > Content-Type: text/plain; charset=UTF-8
1 > Content-Length: 5
1 > Host: localhost:8080
1 > Connection: Keep-Alive
1 > User-Agent: Apache-HttpClient/4.5.14 (Java/17.0.9)
1 > Accept-Encoding: gzip,deflate
First

21:34:34.205 [main] DEBUG org.apache.http.impl.conn.PoolingHttpClientConnectionManager - Connection request: [route: {}->http://localhost:8080][total available: 0; route allocated: 0 of 5; total allocated: 0 of 10]
21:34:34.208 [main] DEBUG org.apache.http.impl.conn.PoolingHttpClientConnectionManager - Connection leased: [id: 0][route: {}->http://localhost:8080][total available: 0; route allocated: 1 of 5; total allocated: 1 of 10]
21:34:34.209 [main] DEBUG org.apache.http.impl.execchain.MainClientExec - Opening connection {}->http://localhost:8080
21:34:34.212 [main] DEBUG org.apache.http.impl.conn.DefaultHttpClientConnectionOperator - Connecting to localhost/127.0.0.1:8080
21:34:34.213 [main] DEBUG org.apache.http.impl.conn.DefaultHttpClientConnectionOperator - Connection established 127.0.0.1:59948<->127.0.0.1:8080
21:34:34.213 [main] DEBUG org.apache.http.impl.conn.DefaultManagedHttpClientConnection - http-outgoing-0: set socket timeout to 30000
21:34:34.214 [main] DEBUG org.apache.http.impl.execchain.MainClientExec - Executing request POST /todos HTTP/1.1
21:34:34.214 [main] DEBUG org.apache.http.impl.execchain.MainClientExec - Target auth state: UNCHALLENGED
21:34:34.214 [main] DEBUG org.apache.http.impl.execchain.MainClientExec - Proxy auth state: UNCHALLENGED
21:34:34.214 [qtp265310387-26-acceptor-0@63d5674b-ServerConnector@65cb396d{HTTP/1.1, (http/1.1)}{0.0.0.0:8080}] DEBUG org.eclipse.jetty.io.ManagedSelector - Queued change lazy=false Accept@6d15a352[java.nio.channels.SocketChannel[connected local=/127.0.0.1:8080 remote=/127.0.0.1:59948]] on ManagedSelector@76520cc5{STARTED} id=1 keys=0 selected=0 updates=0
21:34:34.214 [main] DEBUG org.apache.http.headers - http-outgoing-0 >> POST /todos HTTP/1.1
21:34:34.214 [main] DEBUG org.apache.http.headers - http-outgoing-0 >> Content-Type: text/plain; charset=UTF-8
21:34:34.214 [qtp265310387-26-acceptor-0@63d5674b-ServerConnector@65cb396d{HTTP/1.1, (http/1.1)}{0.0.0.0:8080}] DEBUG org.eclipse.jetty.io.ManagedSelector - Wakeup on submit ManagedSelector@76520cc5{STARTED} id=1 keys=0 selected=0 updates=1
21:34:34.214 [main] DEBUG org.apache.http.headers - http-outgoing-0 >> Content-Length: 5
21:34:34.214 [main] DEBUG org.apache.http.headers - http-outgoing-0 >> Host: localhost:8080
21:34:34.214 [main] DEBUG org.apache.http.headers - http-outgoing-0 >> Connection: Keep-Alive
21:34:34.214 [main] DEBUG org.apache.http.headers - http-outgoing-0 >> User-Agent: Apache-HttpClient/4.5.14 (Java/17.0.9)
21:34:34.214 [main] DEBUG org.apache.http.headers - http-outgoing-0 >> Accept-Encoding: gzip,deflate
21:34:34.215 [main] DEBUG org.apache.http.wire - http-outgoing-0 >> "POST /todos HTTP/1.1[\r][\n]"
21:34:34.215 [main] DEBUG org.apache.http.wire - http-outgoing-0 >> "Content-Type: text/plain; charset=UTF-8[\r][\n]"
21:34:34.215 [main] DEBUG org.apache.http.wire - http-outgoing-0 >> "Content-Length: 5[\r][\n]"
21:34:34.215 [main] DEBUG org.apache.http.wire - http-outgoing-0 >> "Host: localhost:8080[\r][\n]"
21:34:34.215 [main] DEBUG org.apache.http.wire - http-outgoing-0 >> "Connection: Keep-Alive[\r][\n]"
21:34:34.215 [main] DEBUG org.apache.http.wire - http-outgoing-0 >> "User-Agent: Apache-HttpClient/4.5.14 (Java/17.0.9)[\r][\n]"
21:34:34.215 [main] DEBUG org.apache.http.wire - http-outgoing-0 >> "Accept-Encoding: gzip,deflate[\r][\n]"
21:34:34.215 [main] DEBUG org.apache.http.wire - http-outgoing-0 >> "[\r][\n]"
21:34:34.215 [main] DEBUG org.apache.http.wire - http-outgoing-0 >> "First"
21:34:34.215 [qtp265310387-22] DEBUG org.eclipse.jetty.io.ManagedSelector - Selector sun.nio.ch.KQueueSelectorImpl@5803522c woken with none selected
21:34:34.215 [qtp265310387-22] DEBUG org.eclipse.jetty.io.ManagedSelector - Selector sun.nio.ch.KQueueSelectorImpl@5803522c woken up from select, 0/0/0 selected
21:34:34.215 [qtp265310387-22] DEBUG org.eclipse.jetty.io.ManagedSelector - Selector sun.nio.ch.KQueueSelectorImpl@5803522c processing 0 keys, 1 updates
21:34:34.215 [qtp265310387-22] DEBUG org.eclipse.jetty.io.ManagedSelector - updateable 1
21:34:34.215 [qtp265310387-22] DEBUG org.eclipse.jetty.io.ManagedSelector - update Accept@6d15a352[java.nio.channels.SocketChannel[connected local=/127.0.0.1:8080 remote=/127.0.0.1:59948]]
21:34:34.216 [qtp265310387-22] DEBUG org.eclipse.jetty.util.thread.QueuedThreadPool - queue Accept@6d15a352[java.nio.channels.SocketChannel[connected local=/127.0.0.1:8080 remote=/127.0.0.1:59948]] startThread=0
21:34:34.216 [qtp265310387-22] DEBUG org.eclipse.jetty.io.ManagedSelector - updates 0
21:34:34.216 [qtp265310387-27] DEBUG org.eclipse.jetty.util.thread.QueuedThreadPool - run Accept@6d15a352[java.nio.channels.SocketChannel[connected local=/127.0.0.1:8080 remote=/127.0.0.1:59948]] in QueuedThreadPool[qtp265310387]@fd050b3{STARTED,8<=8<=200,i=1,r=-1,q=0}[ReservedThreadExecutor@34f8be00{reserved=0/10,pending=0}]
21:34:34.216 [qtp265310387-22] DEBUG org.eclipse.jetty.io.ManagedSelector - Selector sun.nio.ch.KQueueSelectorImpl@5803522c waiting with 1 keys
21:34:34.219 [qtp265310387-27] DEBUG org.eclipse.jetty.io.IdleTimeout - SocketChannelEndPoint@d088ed7{l=/127.0.0.1:8080,r=/127.0.0.1:59948,OPEN,fill=-,flush=-,to=1/3600000}{io=0/0,kio=0,kro=0}-><null> idle timeout check, elapsed: 1 ms, remaining: 3599999 ms
21:34:34.221 [qtp265310387-27] DEBUG org.eclipse.jetty.http.PreEncodedHttpField - HttpField encoders loaded: [org.eclipse.jetty.http.Http1FieldPreEncoder@3b2087df]
21:34:34.235 [qtp265310387-27] DEBUG org.eclipse.jetty.server.HttpChannel - new HttpChannelOverHttp@383d793f{s=HttpChannelState@78718ba7{s=IDLE rs=BLOCKING os=OPEN is=IDLE awp=false se=false i=true al=0},r=0,c=false/false,a=IDLE,uri=null,age=0} -> SocketChannelEndPoint@d088ed7{l=/127.0.0.1:8080,r=/127.0.0.1:59948,OPEN,fill=-,flush=-,to=17/3600000}{io=0/0,kio=0,kro=0}-><null>,null,HttpChannelState@78718ba7{s=IDLE rs=BLOCKING os=OPEN is=IDLE awp=false se=false i=true al=0}
21:34:34.238 [qtp265310387-27] DEBUG org.eclipse.jetty.server.HttpConnection - New HTTP Connection HttpConnection@1df19ea6::SocketChannelEndPoint@d088ed7{l=/127.0.0.1:8080,r=/127.0.0.1:59948,OPEN,fill=-,flush=-,to=20/3600000}{io=0/0,kio=0,kro=0}-><null>
21:34:34.238 [qtp265310387-27] DEBUG org.eclipse.jetty.io.ManagedSelector - Queued change lazy=true org.eclipse.jetty.io.ManagedSelector$$Lambda$580/0x000000d0014ab230@6c3edfd4 on ManagedSelector@76520cc5{STARTED} id=1 keys=1 selected=0 updates=0
21:34:34.238 [qtp265310387-27] DEBUG org.eclipse.jetty.io.AbstractEndPoint - onOpen SocketChannelEndPoint@d088ed7{l=/127.0.0.1:8080,r=/127.0.0.1:59948,OPEN,fill=-,flush=-,to=21/3600000}{io=0/0,kio=0,kro=0}->HttpConnection@1df19ea6[p=HttpParser{s=START,0 of -1},g=HttpGenerator@7e72bfce{s=START}]=>HttpChannelOverHttp@383d793f{s=HttpChannelState@78718ba7{s=IDLE rs=BLOCKING os=OPEN is=IDLE awp=false se=false i=true al=0},r=0,c=false/false,a=IDLE,uri=null,age=0}
21:34:34.238 [qtp265310387-27] DEBUG org.eclipse.jetty.io.AbstractConnection - onOpen HttpConnection@1df19ea6::SocketChannelEndPoint@d088ed7{l=/127.0.0.1:8080,r=/127.0.0.1:59948,OPEN,fill=-,flush=-,to=21/3600000}{io=0/0,kio=0,kro=0}->HttpConnection@1df19ea6[p=HttpParser{s=START,0 of -1},g=HttpGenerator@7e72bfce{s=START}]=>HttpChannelOverHttp@383d793f{s=HttpChannelState@78718ba7{s=IDLE rs=BLOCKING os=OPEN is=IDLE awp=false se=false i=true al=0},r=0,c=false/false,a=IDLE,uri=null,age=0}
21:34:34.239 [qtp265310387-27] DEBUG org.eclipse.jetty.io.AbstractConnection - fillInterested HttpConnection@1df19ea6::SocketChannelEndPoint@d088ed7{l=/127.0.0.1:8080,r=/127.0.0.1:59948,OPEN,fill=-,flush=-,to=21/3600000}{io=0/0,kio=0,kro=0}->HttpConnection@1df19ea6[p=HttpParser{s=START,0 of -1},g=HttpGenerator@7e72bfce{s=START}]=>HttpChannelOverHttp@383d793f{s=HttpChannelState@78718ba7{s=IDLE rs=BLOCKING os=OPEN is=IDLE awp=false se=false i=true al=0},r=0,c=false/false,a=IDLE,uri=null,age=0}
21:34:34.239 [qtp265310387-27] DEBUG org.eclipse.jetty.io.FillInterest - interested FillInterest@22f558c1{AC.ReadCB@1df19ea6{HttpConnection@1df19ea6::SocketChannelEndPoint@d088ed7{l=/127.0.0.1:8080,r=/127.0.0.1:59948,OPEN,fill=FI,flush=-,to=0/3600000}{io=0/0,kio=0,kro=0}->HttpConnection@1df19ea6[p=HttpParser{s=START,0 of -1},g=HttpGenerator@7e72bfce{s=START}]=>HttpChannelOverHttp@383d793f{s=HttpChannelState@78718ba7{s=IDLE rs=BLOCKING os=OPEN is=IDLE awp=false se=false i=true al=0},r=0,c=false/false,a=IDLE,uri=null,age=0}}}
21:34:34.239 [qtp265310387-27] DEBUG org.eclipse.jetty.io.ChannelEndPoint - changeInterests p=false 0->1 for SocketChannelEndPoint@d088ed7{l=/127.0.0.1:8080,r=/127.0.0.1:59948,OPEN,fill=FI,flush=-,to=0/3600000}{io=0/1,kio=0,kro=0}->HttpConnection@1df19ea6[p=HttpParser{s=START,0 of -1},g=HttpGenerator@7e72bfce{s=START}]=>HttpChannelOverHttp@383d793f{s=HttpChannelState@78718ba7{s=IDLE rs=BLOCKING os=OPEN is=IDLE awp=false se=false i=true al=0},r=0,c=false/false,a=IDLE,uri=null,age=0}
21:34:34.239 [qtp265310387-27] DEBUG org.eclipse.jetty.io.ManagedSelector - Queued change lazy=false org.eclipse.jetty.io.ChannelEndPoint$$Lambda$573/0x000000d00149ac38@4ab96d4 on ManagedSelector@76520cc5{STARTED} id=1 keys=1 selected=0 updates=1
21:34:34.239 [qtp265310387-27] DEBUG org.eclipse.jetty.io.ManagedSelector - Wakeup on submit ManagedSelector@76520cc5{STARTED} id=1 keys=1 selected=0 updates=2
21:34:34.239 [qtp265310387-22] DEBUG org.eclipse.jetty.io.ManagedSelector - Selector sun.nio.ch.KQueueSelectorImpl@5803522c woken with none selected
21:34:34.239 [qtp265310387-22] DEBUG org.eclipse.jetty.io.ManagedSelector - Selector sun.nio.ch.KQueueSelectorImpl@5803522c woken up from select, 0/0/1 selected
21:34:34.239 [qtp265310387-27] DEBUG org.eclipse.jetty.io.ManagedSelector - Created SocketChannelEndPoint@d088ed7{l=/127.0.0.1:8080,r=/127.0.0.1:59948,OPEN,fill=FI,flush=-,to=0/3600000}{io=0/1,kio=0,kro=0}->HttpConnection@1df19ea6[p=HttpParser{s=START,0 of -1},g=HttpGenerator@7e72bfce{s=START}]=>HttpChannelOverHttp@383d793f{s=HttpChannelState@78718ba7{s=IDLE rs=BLOCKING os=OPEN is=IDLE awp=false se=false i=true al=0},r=0,c=false/false,a=IDLE,uri=null,age=0}
21:34:34.239 [qtp265310387-22] DEBUG org.eclipse.jetty.io.ManagedSelector - Selector sun.nio.ch.KQueueSelectorImpl@5803522c processing 0 keys, 2 updates
21:34:34.239 [qtp265310387-22] DEBUG org.eclipse.jetty.io.ManagedSelector - updateable 2
21:34:34.239 [qtp265310387-22] DEBUG org.eclipse.jetty.io.ManagedSelector - update org.eclipse.jetty.io.ManagedSelector$$Lambda$580/0x000000d0014ab230@6c3edfd4
21:34:34.239 [qtp265310387-27] DEBUG org.eclipse.jetty.util.thread.QueuedThreadPool - ran Accept@6d15a352[java.nio.channels.SocketChannel[connected local=/127.0.0.1:8080 remote=/127.0.0.1:59948]] in QueuedThreadPool[qtp265310387]@fd050b3{STARTED,8<=8<=200,i=1,r=-1,q=0}[ReservedThreadExecutor@34f8be00{reserved=0/10,pending=0}]
21:34:34.239 [qtp265310387-22] DEBUG org.eclipse.jetty.io.ManagedSelector - update org.eclipse.jetty.io.ChannelEndPoint$$Lambda$573/0x000000d00149ac38@4ab96d4
21:34:34.239 [qtp265310387-22] DEBUG org.eclipse.jetty.io.ChannelEndPoint - Key interests updated 0 -> 1 on SocketChannelEndPoint@d088ed7{l=/127.0.0.1:8080,r=/127.0.0.1:59948,OPEN,fill=FI,flush=-,to=0/3600000}{io=1/1,kio=1,kro=0}->HttpConnection@1df19ea6[p=HttpParser{s=START,0 of -1},g=HttpGenerator@7e72bfce{s=START}]=>HttpChannelOverHttp@383d793f{s=HttpChannelState@78718ba7{s=IDLE rs=BLOCKING os=OPEN is=IDLE awp=false se=false i=true al=0},r=0,c=false/false,a=IDLE,uri=null,age=0}
21:34:34.239 [qtp265310387-22] DEBUG org.eclipse.jetty.io.ManagedSelector - updates 0
21:34:34.239 [qtp265310387-22] DEBUG org.eclipse.jetty.io.ManagedSelector - Selector sun.nio.ch.KQueueSelectorImpl@5803522c waiting with 1 keys
21:34:34.239 [qtp265310387-22] DEBUG org.eclipse.jetty.io.ManagedSelector - Selector sun.nio.ch.KQueueSelectorImpl@5803522c woken up from select, 1/1/1 selected
21:34:34.239 [qtp265310387-22] DEBUG org.eclipse.jetty.io.ManagedSelector - Selector sun.nio.ch.KQueueSelectorImpl@5803522c processing 1 keys, 0 updates
21:34:34.240 [qtp265310387-22] DEBUG org.eclipse.jetty.io.ManagedSelector - selected 1 channel=java.nio.channels.SocketChannel[connected local=/127.0.0.1:8080 remote=/127.0.0.1:59948], selector=sun.nio.ch.KQueueSelectorImpl@5803522c, interestOps=1, readyOps=1 SocketChannelEndPoint@d088ed7{l=/127.0.0.1:8080,r=/127.0.0.1:59948,OPEN,fill=FI,flush=-,to=0/3600000}{io=1/1,kio=1,kro=1}->HttpConnection@1df19ea6[p=HttpParser{s=START,0 of -1},g=HttpGenerator@7e72bfce{s=START}]=>HttpChannelOverHttp@383d793f{s=HttpChannelState@78718ba7{s=IDLE rs=BLOCKING os=OPEN is=IDLE awp=false se=false i=true al=0},r=0,c=false/false,a=IDLE,uri=null,age=0} 
21:34:34.240 [qtp265310387-22] DEBUG org.eclipse.jetty.io.ChannelEndPoint - onSelected 1->0 r=true w=false for SocketChannelEndPoint@d088ed7{l=/127.0.0.1:8080,r=/127.0.0.1:59948,OPEN,fill=FI,flush=-,to=1/3600000}{io=1/0,kio=1,kro=1}->HttpConnection@1df19ea6[p=HttpParser{s=START,0 of -1},g=HttpGenerator@7e72bfce{s=START}]=>HttpChannelOverHttp@383d793f{s=HttpChannelState@78718ba7{s=IDLE rs=BLOCKING os=OPEN is=IDLE awp=false se=false i=true al=0},r=0,c=false/false,a=IDLE,uri=null,age=0}
21:34:34.240 [qtp265310387-22] DEBUG org.eclipse.jetty.io.ChannelEndPoint - task CEP:SocketChannelEndPoint@d088ed7{l=/127.0.0.1:8080,r=/127.0.0.1:59948,OPEN,fill=FI,flush=-,to=1/3600000}{io=1/0,kio=1,kro=1}->HttpConnection@1df19ea6[p=HttpParser{s=START,0 of -1},g=HttpGenerator@7e72bfce{s=START}]=>HttpChannelOverHttp@383d793f{s=HttpChannelState@78718ba7{s=IDLE rs=BLOCKING os=OPEN is=IDLE awp=false se=false i=true al=0},r=0,c=false/false,a=IDLE,uri=null,age=0}:runFillable:BLOCKING
21:34:34.240 [qtp265310387-22] DEBUG org.eclipse.jetty.util.thread.ReservedThreadExecutor - ReservedThreadExecutor@34f8be00{reserved=0/10,pending=0} tryExecute EatWhatYouKill@40e488a5/SelectorProducer@206e7499/PRODUCING/p=false/QueuedThreadPool[qtp265310387]@fd050b3{STARTED,8<=8<=200,i=2,r=-1,q=0}[ReservedThreadExecutor@34f8be00{reserved=0/10,pending=0}][pc=0,pic=0,pec=0,epc=0]@2025-10-26T21:34:34.240316+01:00
21:34:34.240 [qtp265310387-22] DEBUG org.eclipse.jetty.util.thread.ReservedThreadExecutor - ReservedThreadExecutor@34f8be00{reserved=0/10,pending=1} startReservedThread p=1
21:34:34.240 [qtp265310387-22] DEBUG org.eclipse.jetty.util.thread.QueuedThreadPool - queue ReservedThread@6c2a8429{PENDING,thread=null} startThread=0
21:34:34.240 [qtp265310387-28] DEBUG org.eclipse.jetty.util.thread.QueuedThreadPool - run ReservedThread@6c2a8429{PENDING,thread=null} in QueuedThreadPool[qtp265310387]@fd050b3{STARTED,8<=8<=200,i=1,r=-1,q=0}[ReservedThreadExecutor@34f8be00{reserved=0/10,pending=1}]
21:34:34.240 [qtp265310387-28] DEBUG org.eclipse.jetty.util.thread.ReservedThreadExecutor - ReservedThread@6c2a8429{PENDING,thread=Thread[qtp265310387-28,5,main]} was=PENDING next=RESERVED size=0+1 capacity=10
21:34:34.240 [qtp265310387-22] DEBUG org.eclipse.jetty.util.thread.strategy.EatWhatYouKill - EatWhatYouKill@40e488a5/SelectorProducer@206e7499/PRODUCING/p=false/QueuedThreadPool[qtp265310387]@fd050b3{STARTED,8<=8<=200,i=1,r=-1,q=0}[ReservedThreadExecutor@34f8be00{reserved=0/10,pending=1}][pc=0,pic=0,pec=0,epc=0]@2025-10-26T21:34:34.240801+01:00 m=PRODUCE_EXECUTE_CONSUME t=CEP:SocketChannelEndPoint@d088ed7{l=/127.0.0.1:8080,r=/127.0.0.1:59948,OPEN,fill=FI,flush=-,to=1/3600000}{io=1/0,kio=1,kro=1}->HttpConnection@1df19ea6[p=HttpParser{s=START,0 of -1},g=HttpGenerator@7e72bfce{s=START}]=>HttpChannelOverHttp@383d793f{s=HttpChannelState@78718ba7{s=IDLE rs=BLOCKING os=OPEN is=IDLE awp=false se=false i=true al=0},r=0,c=false/false,a=IDLE,uri=null,age=0}:runFillable:BLOCKING/BLOCKING
21:34:34.240 [qtp265310387-28] DEBUG org.eclipse.jetty.util.thread.ReservedThreadExecutor - ReservedThread@6c2a8429{RESERVED,thread=Thread[qtp265310387-28,5,main]} waiting ReservedThreadExecutor@34f8be00{reserved=1/10,pending=0}
21:34:34.241 [qtp265310387-22] DEBUG org.eclipse.jetty.util.thread.QueuedThreadPool - queue CEP:SocketChannelEndPoint@d088ed7{l=/127.0.0.1:8080,r=/127.0.0.1:59948,OPEN,fill=FI,flush=-,to=1/3600000}{io=1/0,kio=1,kro=1}->HttpConnection@1df19ea6[p=HttpParser{s=START,0 of -1},g=HttpGenerator@7e72bfce{s=START}]=>HttpChannelOverHttp@383d793f{s=HttpChannelState@78718ba7{s=IDLE rs=BLOCKING os=OPEN is=IDLE awp=false se=false i=true al=0},r=0,c=false/false,a=IDLE,uri=null,age=0}:runFillable:BLOCKING startThread=0
21:34:34.241 [qtp265310387-22] DEBUG org.eclipse.jetty.io.ManagedSelector - updateable 0
21:34:34.241 [qtp265310387-22] DEBUG org.eclipse.jetty.io.ManagedSelector - updates 0
21:34:34.241 [qtp265310387-27] DEBUG org.eclipse.jetty.util.thread.QueuedThreadPool - run CEP:SocketChannelEndPoint@d088ed7{l=/127.0.0.1:8080,r=/127.0.0.1:59948,OPEN,fill=FI,flush=-,to=1/3600000}{io=1/0,kio=1,kro=1}->HttpConnection@1df19ea6[p=HttpParser{s=START,0 of -1},g=HttpGenerator@7e72bfce{s=START}]=>HttpChannelOverHttp@383d793f{s=HttpChannelState@78718ba7{s=IDLE rs=BLOCKING os=OPEN is=IDLE awp=false se=false i=true al=0},r=0,c=false/false,a=IDLE,uri=null,age=0}:runFillable:BLOCKING in QueuedThreadPool[qtp265310387]@fd050b3{STARTED,8<=8<=200,i=0,r=-1,q=0}[ReservedThreadExecutor@34f8be00{reserved=1/10,pending=0}]
21:34:34.241 [qtp265310387-22] DEBUG org.eclipse.jetty.io.ChannelEndPoint - Key interests updated 1 -> 0 on SocketChannelEndPoint@d088ed7{l=/127.0.0.1:8080,r=/127.0.0.1:59948,OPEN,fill=FI,flush=-,to=1/3600000}{io=0/0,kio=0,kro=1}->HttpConnection@1df19ea6[p=HttpParser{s=START,0 of -1},g=HttpGenerator@7e72bfce{s=START}]=>HttpChannelOverHttp@383d793f{s=HttpChannelState@78718ba7{s=IDLE rs=BLOCKING os=OPEN is=IDLE awp=false se=false i=true al=0},r=0,c=false/false,a=IDLE,uri=null,age=0}
21:34:34.241 [qtp265310387-27] DEBUG org.eclipse.jetty.io.FillInterest - fillable FillInterest@22f558c1{AC.ReadCB@1df19ea6{HttpConnection@1df19ea6::SocketChannelEndPoint@d088ed7{l=/127.0.0.1:8080,r=/127.0.0.1:59948,OPEN,fill=FI,flush=-,to=2/3600000}{io=0/0,kio=0,kro=1}->HttpConnection@1df19ea6[p=HttpParser{s=START,0 of -1},g=HttpGenerator@7e72bfce{s=START}]=>HttpChannelOverHttp@383d793f{s=HttpChannelState@78718ba7{s=IDLE rs=BLOCKING os=OPEN is=IDLE awp=false se=false i=true al=0},r=0,c=false/false,a=IDLE,uri=null,age=0}}}
21:34:34.241 [qtp265310387-22] DEBUG org.eclipse.jetty.io.ManagedSelector - Selector sun.nio.ch.KQueueSelectorImpl@5803522c waiting with 1 keys
21:34:34.241 [qtp265310387-27] DEBUG org.eclipse.jetty.server.HttpConnection - HttpConnection@1df19ea6::SocketChannelEndPoint@d088ed7{l=/127.0.0.1:8080,r=/127.0.0.1:59948,OPEN,fill=-,flush=-,to=2/3600000}{io=0/0,kio=0,kro=1}->HttpConnection@1df19ea6[p=HttpParser{s=START,0 of -1},g=HttpGenerator@7e72bfce{s=START}]=>HttpChannelOverHttp@383d793f{s=HttpChannelState@78718ba7{s=IDLE rs=BLOCKING os=OPEN is=IDLE awp=false se=false i=true al=0},r=0,c=false/false,a=IDLE,uri=null,age=0} onFillable enter HttpChannelState@78718ba7{s=IDLE rs=BLOCKING os=OPEN is=IDLE awp=false se=false i=true al=0} null
21:34:34.243 [qtp265310387-27] DEBUG org.eclipse.jetty.io.ChannelEndPoint - filled 218 HeapByteBuffer@25e83041[p=0,l=218,c=8192,r=218]={<<<POST /todos HTTP/1.1\r\nCon...: gzip,deflate\r\n\r\nFirst>>>\x00\x00\x00\x00\x00\x00\x00\x00\x00...\x00\x00\x00\x00\x00\x00\x00}
21:34:34.243 [qtp265310387-27] DEBUG org.eclipse.jetty.server.HttpConnection - HttpConnection@1df19ea6::SocketChannelEndPoint@d088ed7{l=/127.0.0.1:8080,r=/127.0.0.1:59948,OPEN,fill=-,flush=-,to=2/3600000}{io=0/0,kio=0,kro=1}->HttpConnection@1df19ea6[p=HttpParser{s=START,0 of -1},g=HttpGenerator@7e72bfce{s=START}]=>HttpChannelOverHttp@383d793f{s=HttpChannelState@78718ba7{s=IDLE rs=BLOCKING os=OPEN is=IDLE awp=false se=false i=true al=0},r=0,c=false/false,a=IDLE,uri=null,age=0} filled 218 HeapByteBuffer@25e83041[p=0,l=218,c=8192,r=218]={<<<POST /todos HTTP/1.1\r\nCon...: gzip,deflate\r\n\r\nFirst>>>\x00\x00\x00\x00\x00\x00\x00\x00\x00...\x00\x00\x00\x00\x00\x00\x00}
21:34:34.243 [qtp265310387-27] DEBUG org.eclipse.jetty.server.HttpConnection - HttpConnection@1df19ea6::SocketChannelEndPoint@d088ed7{l=/127.0.0.1:8080,r=/127.0.0.1:59948,OPEN,fill=-,flush=-,to=2/3600000}{io=0/0,kio=0,kro=1}->HttpConnection@1df19ea6[p=HttpParser{s=START,0 of -1},g=HttpGenerator@7e72bfce{s=START}]=>HttpChannelOverHttp@383d793f{s=HttpChannelState@78718ba7{s=IDLE rs=BLOCKING os=OPEN is=IDLE awp=false se=false i=true al=0},r=0,c=false/false,a=IDLE,uri=null,age=0} parse HeapByteBuffer@25e83041[p=0,l=218,c=8192,r=218]={<<<POST /todos HTTP/1.1\r\nCon...: gzip,deflate\r\n\r\nFirst>>>\x00\x00\x00\x00\x00\x00\x00\x00\x00...\x00\x00\x00\x00\x00\x00\x00} {}
21:34:34.244 [qtp265310387-27] DEBUG org.eclipse.jetty.http.HttpParser - parseNext s=START HeapByteBuffer@25e83041[p=0,l=218,c=8192,r=218]={<<<POST /todos HTTP/1.1\r\nCon...: gzip,deflate\r\n\r\nFirst>>>\x00\x00\x00\x00\x00\x00\x00\x00\x00...\x00\x00\x00\x00\x00\x00\x00}
21:34:34.244 [qtp265310387-27] DEBUG org.eclipse.jetty.http.HttpParser - START --> SPACE1
21:34:34.244 [qtp265310387-27] DEBUG org.eclipse.jetty.http.HttpParser - SPACE1 --> URI
21:34:34.244 [qtp265310387-27] DEBUG org.eclipse.jetty.http.HttpParser - URI --> SPACE2
21:34:34.244 [qtp265310387-27] DEBUG org.eclipse.jetty.http.HttpParser - SPACE2 --> REQUEST_VERSION
21:34:34.244 [qtp265310387-27] DEBUG org.eclipse.jetty.http.HttpParser - REQUEST_VERSION --> HEADER
21:34:34.244 [qtp265310387-27] DEBUG org.eclipse.jetty.http.HttpParser - HEADER:Content-Type: text/plain; charset=UTF-8 --> IN_VALUE
21:34:34.245 [qtp265310387-27] DEBUG org.eclipse.jetty.http.HttpParser - HEADER:Content-Type: text/plain; charset=UTF-8 --> FIELD
21:34:34.245 [qtp265310387-27] DEBUG org.eclipse.jetty.http.HttpParser - HEADER:Content-Length --> VALUE
21:34:34.245 [qtp265310387-27] DEBUG org.eclipse.jetty.http.HttpParser - HEADER:Content-Length --> IN_VALUE
21:34:34.245 [qtp265310387-27] DEBUG org.eclipse.jetty.http.HttpParser - HEADER:Content-Length --> FIELD
21:34:34.245 [qtp265310387-27] DEBUG org.eclipse.jetty.http.HttpParser - HEADER:Host --> VALUE
21:34:34.245 [qtp265310387-27] DEBUG org.eclipse.jetty.http.HttpParser - HEADER:Host --> IN_VALUE
21:34:34.245 [qtp265310387-27] DEBUG org.eclipse.jetty.http.HttpParser - HEADER:Host --> FIELD
21:34:34.245 [qtp265310387-27] DEBUG org.eclipse.jetty.http.HttpParser - HEADER:Connection: keep-alive --> IN_VALUE
21:34:34.245 [qtp265310387-27] DEBUG org.eclipse.jetty.http.HttpParser - HEADER:Connection: keep-alive --> FIELD
21:34:34.245 [qtp265310387-27] DEBUG org.eclipse.jetty.http.HttpParser - HEADER:User-Agent --> VALUE
21:34:34.245 [qtp265310387-27] DEBUG org.eclipse.jetty.http.HttpParser - HEADER:User-Agent --> IN_VALUE
21:34:34.245 [qtp265310387-27] DEBUG org.eclipse.jetty.http.HttpParser - HEADER:User-Agent --> FIELD
21:34:34.245 [qtp265310387-27] DEBUG org.eclipse.jetty.http.HttpParser - HEADER:Accept-Encoding --> IN_VALUE
21:34:34.245 [qtp265310387-27] DEBUG org.eclipse.jetty.http.HttpParser - HEADER:Accept-Encoding --> FIELD
21:34:34.245 [qtp265310387-27] DEBUG org.eclipse.jetty.http.HttpParser - HEADER --> CONTENT
21:34:34.245 [qtp265310387-27] DEBUG org.eclipse.jetty.server.HttpChannel - REQUEST for //localhost:8080/todos on HttpChannelOverHttp@383d793f{s=HttpChannelState@78718ba7{s=IDLE rs=BLOCKING os=OPEN is=IDLE awp=false se=false i=true al=0},r=1,c=false/false,a=IDLE,uri=//localhost:8080/todos,age=0}
POST //localhost:8080/todos HTTP/1.1
Content-Type: text/plain; charset=UTF-8
Content-Length: 5
Host: localhost:8080
Connection: keep-alive
User-Agent: Apache-HttpClient/4.5.14 (Java/17.0.9)
Accept-Encoding: gzip,deflate


21:34:34.246 [qtp265310387-27] DEBUG org.eclipse.jetty.server.HttpConnection - HttpConnection@1df19ea6::SocketChannelEndPoint@d088ed7{l=/127.0.0.1:8080,r=/127.0.0.1:59948,OPEN,fill=-,flush=-,to=4/3600000}{io=0/0,kio=0,kro=1}->HttpConnection@1df19ea6[p=HttpParser{s=CONTENT,0 of 5},g=HttpGenerator@7e72bfce{s=START}]=>HttpChannelOverHttp@383d793f{s=HttpChannelState@78718ba7{s=IDLE rs=BLOCKING os=OPEN is=IDLE awp=false se=false i=true al=0},r=1,c=false/false,a=IDLE,uri=//localhost:8080/todos,age=1} parsed true HttpParser{s=CONTENT,0 of 5}
21:34:34.246 [qtp265310387-27] DEBUG org.eclipse.jetty.server.HttpChannel - handle //localhost:8080/todos HttpChannelOverHttp@383d793f{s=HttpChannelState@78718ba7{s=IDLE rs=BLOCKING os=OPEN is=IDLE awp=false se=false i=true al=0},r=1,c=false/false,a=IDLE,uri=//localhost:8080/todos,age=1} 
21:34:34.246 [qtp265310387-27] DEBUG org.eclipse.jetty.server.HttpChannelState - handling HttpChannelState@78718ba7{s=IDLE rs=BLOCKING os=OPEN is=IDLE awp=false se=false i=true al=0}
21:34:34.246 [qtp265310387-27] DEBUG org.eclipse.jetty.server.HttpChannel - action DISPATCH HttpChannelOverHttp@383d793f{s=HttpChannelState@78718ba7{s=HANDLING rs=BLOCKING os=OPEN is=IDLE awp=false se=false i=true al=0},r=1,c=false/false,a=HANDLING,uri=//localhost:8080/todos,age=1}
21:34:34.247 [qtp265310387-27] DEBUG org.eclipse.jetty.server.Server - REQUEST POST /todos on HttpChannelOverHttp@383d793f{s=HttpChannelState@78718ba7{s=HANDLING rs=BLOCKING os=OPEN is=IDLE awp=false se=false i=true al=0},r=1,c=false/false,a=HANDLING,uri=//localhost:8080/todos,age=2}
21:34:34.247 [qtp265310387-27] DEBUG org.eclipse.jetty.server.session - Entering scope spark.embeddedserver.jetty.JettyHandler13365860==dftMaxIdleSec=-1, dispatch=REQUEST asyncstarted=false
21:34:34.247 [qtp265310387-27] DEBUG org.eclipse.jetty.server.session - sessionHandler=spark.embeddedserver.jetty.JettyHandler13365860==dftMaxIdleSec=-1 session=null
21:34:34.249 [qtp265310387-27] DEBUG org.eclipse.jetty.server.HttpConnection - HttpConnection@1df19ea6::SocketChannelEndPoint@d088ed7{l=/127.0.0.1:8080,r=/127.0.0.1:59948,OPEN,fill=-,flush=-,to=7/3600000}{io=0/0,kio=0,kro=1}->HttpConnection@1df19ea6[p=HttpParser{s=CONTENT,0 of 5},g=HttpGenerator@7e72bfce{s=START}]=>HttpChannelOverHttp@383d793f{s=HttpChannelState@78718ba7{s=HANDLING rs=BLOCKING os=OPEN is=IDLE awp=false se=false i=true al=0},r=1,c=false/false,a=HANDLING,uri=//localhost:8080/todos,age=4} parse HeapByteBuffer@25e83041[p=213,l=218,c=8192,r=5]={POST /tod...ate\r\n\r\n<<<First>>>\x00\x00\x00\x00\x00\x00\x00\x00\x00...\x00\x00\x00\x00\x00\x00\x00} {}
21:34:34.249 [qtp265310387-27] DEBUG org.eclipse.jetty.http.HttpParser - parseNext s=CONTENT HeapByteBuffer@25e83041[p=213,l=218,c=8192,r=5]={POST /tod...ate\r\n\r\n<<<First>>>\x00\x00\x00\x00\x00\x00\x00\x00\x00...\x00\x00\x00\x00\x00\x00\x00}
21:34:34.249 [qtp265310387-27] DEBUG org.eclipse.jetty.server.HttpChannel - onContent HttpChannelOverHttp@383d793f{s=HttpChannelState@78718ba7{s=HANDLING rs=BLOCKING os=OPEN is=IDLE awp=false se=false i=true al=0},r=1,c=false/false,a=HANDLING,uri=//localhost:8080/todos,age=4} Content@187b94d{HeapByteBufferR@2639c42c[p=213,l=218,c=8192,r=5]={POST /tod...ate\r\n\r\n<<<First>>>\x00\x00\x00\x00\x00\x00\x00\x00\x00...\x00\x00\x00\x00\x00\x00\x00}}
21:34:34.249 [qtp265310387-27] DEBUG org.eclipse.jetty.server.HttpInput - HttpInputOverHTTP@2b020532[c=0,q=0,[0]=null,s=STREAM] addContent Content@187b94d{HeapByteBufferR@2639c42c[p=213,l=218,c=8192,r=5]={POST /tod...ate\r\n\r\n<<<First>>>\x00\x00\x00\x00\x00\x00\x00\x00\x00...\x00\x00\x00\x00\x00\x00\x00}}
21:34:34.249 [qtp265310387-27] DEBUG org.eclipse.jetty.http.HttpParser - CONTENT --> CONTENT_END
21:34:34.249 [qtp265310387-27] DEBUG org.eclipse.jetty.server.HttpChannel - onContentComplete HttpChannelOverHttp@383d793f{s=HttpChannelState@78718ba7{s=HANDLING rs=BLOCKING os=OPEN is=IDLE awp=false se=false i=true al=0},r=1,c=false/false,a=HANDLING,uri=//localhost:8080/todos,age=4}
21:34:34.249 [qtp265310387-27] DEBUG org.eclipse.jetty.http.HttpParser - CONTENT_END --> END
21:34:34.249 [qtp265310387-27] DEBUG org.eclipse.jetty.server.HttpChannel - onRequestComplete HttpChannelOverHttp@383d793f{s=HttpChannelState@78718ba7{s=HANDLING rs=BLOCKING os=OPEN is=IDLE awp=false se=false i=true al=0},r=1,c=false/false,a=HANDLING,uri=//localhost:8080/todos,age=4}
21:34:34.249 [qtp265310387-27] DEBUG org.eclipse.jetty.server.HttpInput - HttpInputOverHTTP@2b020532[c=0,q=1,[0]=EOF,s=STREAM] addContent EOF
21:34:34.249 [qtp265310387-27] DEBUG org.eclipse.jetty.server.HttpConnection - HttpConnection@1df19ea6::SocketChannelEndPoint@d088ed7{l=/127.0.0.1:8080,r=/127.0.0.1:59948,OPEN,fill=-,flush=-,to=7/3600000}{io=0/0,kio=0,kro=1}->HttpConnection@1df19ea6[p=HttpParser{s=END,5 of 5},g=HttpGenerator@7e72bfce{s=START}]=>HttpChannelOverHttp@383d793f{s=HttpChannelState@78718ba7{s=HANDLING rs=BLOCKING os=OPEN is=IDLE awp=false se=false i=true al=0},r=1,c=false/false,a=HANDLING,uri=//localhost:8080/todos,age=4} parsed false HttpParser{s=END,5 of 5}
21:34:34.249 [qtp265310387-27] DEBUG org.eclipse.jetty.server.HttpInput - HttpInputOverHTTP@2b020532[c=5,q=1,[0]=EOF,s=STREAM] read 5 from Content@187b94d{HeapByteBufferR@2639c42c[p=218,l=218,c=8192,r=0]={POST /tod...\r\nFirst<<<>>>\x00\x00\x00\x00\x00\x00\x00\x00\x00...\x00\x00\x00\x00\x00\x00\x00}}
21:34:34.249 [qtp265310387-27] DEBUG org.eclipse.jetty.server.HttpConnection - releaseRequestBuffer HttpConnection@1df19ea6::SocketChannelEndPoint@d088ed7{l=/127.0.0.1:8080,r=/127.0.0.1:59948,OPEN,fill=-,flush=-,to=8/3600000}{io=0/0,kio=0,kro=1}->HttpConnection@1df19ea6[p=HttpParser{s=END,5 of 5},g=HttpGenerator@7e72bfce{s=START}]=>HttpChannelOverHttp@383d793f{s=HttpChannelState@78718ba7{s=HANDLING rs=BLOCKING os=OPEN is=IDLE awp=false se=false i=true al=0},r=1,c=false/false,a=HANDLING,uri=//localhost:8080/todos,age=4}
21:34:34.250 [qtp265310387-27] DEBUG org.eclipse.jetty.server.HttpChannelState - onEof HttpChannelState@78718ba7{s=HANDLING rs=BLOCKING os=OPEN is=IDLE awp=false se=false i=true al=0}
21:34:34.273 [qtp265310387-27] INFO org.apache.kafka.common.config.AbstractConfig - ProducerConfig values: 
	acks = -1
	batch.size = 16384
	bootstrap.servers = [localhost:9092]
	buffer.memory = 33554432
	client.dns.lookup = use_all_dns_ips
	client.id = producer-1
	compression.gzip.level = -1
	compression.lz4.level = 9
	compression.type = none
	compression.zstd.level = 3
	connections.max.idle.ms = 540000
	delivery.timeout.ms = 120000
	enable.idempotence = true
	enable.metrics.push = true
	interceptor.classes = []
	key.serializer = class org.apache.kafka.common.serialization.StringSerializer
	linger.ms = 5
	max.block.ms = 60000
	max.in.flight.requests.per.connection = 5
	max.request.size = 1048576
	metadata.max.age.ms = 300000
	metadata.max.idle.ms = 300000
	metadata.recovery.rebootstrap.trigger.ms = 300000
	metadata.recovery.strategy = rebootstrap
	metric.reporters = [org.apache.kafka.common.metrics.JmxReporter]
	metrics.num.samples = 2
	metrics.recording.level = INFO
	metrics.sample.window.ms = 30000
	partitioner.adaptive.partitioning.enable = true
	partitioner.availability.timeout.ms = 0
	partitioner.class = null
	partitioner.ignore.keys = false
	receive.buffer.bytes = 32768
	reconnect.backoff.max.ms = 1000
	reconnect.backoff.ms = 50
	request.timeout.ms = 30000
	retries = 2147483647
	retry.backoff.max.ms = 1000
	retry.backoff.ms = 100
	sasl.client.callback.handler.class = null
	sasl.jaas.config = null
	sasl.kerberos.kinit.cmd = /usr/bin/kinit
	sasl.kerberos.min.time.before.relogin = 60000
	sasl.kerberos.service.name = null
	sasl.kerberos.ticket.renew.jitter = 0.05
	sasl.kerberos.ticket.renew.window.factor = 0.8
	sasl.login.callback.handler.class = null
	sasl.login.class = null
	sasl.login.connect.timeout.ms = null
	sasl.login.read.timeout.ms = null
	sasl.login.refresh.buffer.seconds = 300
	sasl.login.refresh.min.period.seconds = 60
	sasl.login.refresh.window.factor = 0.8
	sasl.login.refresh.window.jitter = 0.05
	sasl.login.retry.backoff.max.ms = 10000
	sasl.login.retry.backoff.ms = 100
	sasl.mechanism = GSSAPI
	sasl.oauthbearer.assertion.algorithm = RS256
	sasl.oauthbearer.assertion.claim.aud = null
	sasl.oauthbearer.assertion.claim.exp.seconds = 300
	sasl.oauthbearer.assertion.claim.iss = null
	sasl.oauthbearer.assertion.claim.jti.include = false
	sasl.oauthbearer.assertion.claim.nbf.seconds = 60
	sasl.oauthbearer.assertion.claim.sub = null
	sasl.oauthbearer.assertion.file = null
	sasl.oauthbearer.assertion.private.key.file = null
	sasl.oauthbearer.assertion.private.key.passphrase = null
	sasl.oauthbearer.assertion.template.file = null
	sasl.oauthbearer.client.credentials.client.id = null
	sasl.oauthbearer.client.credentials.client.secret = null
	sasl.oauthbearer.clock.skew.seconds = 30
	sasl.oauthbearer.expected.audience = null
	sasl.oauthbearer.expected.issuer = null
	sasl.oauthbearer.header.urlencode = false
	sasl.oauthbearer.jwks.endpoint.refresh.ms = 3600000
	sasl.oauthbearer.jwks.endpoint.retry.backoff.max.ms = 10000
	sasl.oauthbearer.jwks.endpoint.retry.backoff.ms = 100
	sasl.oauthbearer.jwks.endpoint.url = null
	sasl.oauthbearer.jwt.retriever.class = class org.apache.kafka.common.security.oauthbearer.DefaultJwtRetriever
	sasl.oauthbearer.jwt.validator.class = class org.apache.kafka.common.security.oauthbearer.DefaultJwtValidator
	sasl.oauthbearer.scope = null
	sasl.oauthbearer.scope.claim.name = scope
	sasl.oauthbearer.sub.claim.name = sub
	sasl.oauthbearer.token.endpoint.url = null
	security.protocol = PLAINTEXT
	security.providers = null
	send.buffer.bytes = 131072
	socket.connection.setup.timeout.max.ms = 30000
	socket.connection.setup.timeout.ms = 10000
	ssl.cipher.suites = null
	ssl.enabled.protocols = [TLSv1.2, TLSv1.3]
	ssl.endpoint.identification.algorithm = https
	ssl.engine.factory.class = null
	ssl.key.password = null
	ssl.keymanager.algorithm = SunX509
	ssl.keystore.certificate.chain = null
	ssl.keystore.key = null
	ssl.keystore.location = null
	ssl.keystore.password = null
	ssl.keystore.type = JKS
	ssl.protocol = TLSv1.3
	ssl.provider = null
	ssl.secure.random.implementation = null
	ssl.trustmanager.algorithm = PKIX
	ssl.truststore.certificates = null
	ssl.truststore.location = null
	ssl.truststore.password = null
	ssl.truststore.type = JKS
	transaction.timeout.ms = 60000
	transaction.two.phase.commit.enable = false
	transactional.id = null
	value.serializer = class org.apache.kafka.common.serialization.StringSerializer

21:34:34.290 [qtp265310387-27] INFO org.apache.kafka.common.telemetry.internals.KafkaMetricsCollector - initializing Kafka metrics collector
21:34:34.324 [qtp265310387-27] INFO org.apache.kafka.clients.producer.KafkaProducer - [Producer clientId=producer-1] Instantiated an idempotent producer.
21:34:34.344 [kafka-producer-network-thread | producer-1] DEBUG org.apache.kafka.clients.producer.internals.Sender - [Producer clientId=producer-1] Starting Kafka producer I/O thread.
21:34:34.344 [qtp265310387-27] INFO org.apache.kafka.common.config.AbstractConfig - These configurations '[producer.auto.create.topics]' were supplied but are not used yet.
21:34:34.344 [kafka-producer-network-thread | producer-1] DEBUG org.apache.kafka.clients.producer.internals.TransactionManager - [Producer clientId=producer-1] Transition from state UNINITIALIZED to INITIALIZING
21:34:34.346 [qtp265310387-27] INFO org.apache.kafka.common.utils.AppInfoParser - Kafka version: 4.1.0
21:34:34.346 [qtp265310387-27] INFO org.apache.kafka.common.utils.AppInfoParser - Kafka commitId: 13f70256db3c994c
21:34:34.346 [qtp265310387-27] INFO org.apache.kafka.common.utils.AppInfoParser - Kafka startTimeMs: 1761510874344
21:34:34.347 [qtp265310387-27] DEBUG org.apache.kafka.clients.producer.KafkaProducer - [Producer clientId=producer-1] Kafka producer started
21:34:34.488 [kafka-producer-network-thread | producer-1] DEBUG org.apache.kafka.clients.producer.internals.TransactionManager - [Producer clientId=producer-1] Enqueuing transactional request InitProducerIdRequestData(transactionalId=null, transactionTimeoutMs=2147483647, producerId=-1, producerEpoch=-1, enable2Pc=false, keepPreparedTxn=false)
21:34:34.490 [kafka-producer-network-thread | producer-1] DEBUG org.apache.kafka.clients.NetworkClient - [Producer clientId=producer-1] Initialize connection to node localhost:9092 (id: -1 rack: null isFenced: false) for sending metadata request
21:34:34.491 [kafka-producer-network-thread | producer-1] DEBUG org.apache.kafka.clients.ClientUtils - Resolved host localhost as 127.0.0.1
21:34:34.491 [kafka-producer-network-thread | producer-1] DEBUG org.apache.kafka.clients.ClusterConnectionStates - [Producer clientId=producer-1] Resolved host localhost to addresses [localhost/127.0.0.1]
21:34:34.491 [kafka-producer-network-thread | producer-1] DEBUG org.apache.kafka.clients.NetworkClient - [Producer clientId=producer-1] Initiating connection to node localhost:9092 (id: -1 rack: null isFenced: false) using address localhost/127.0.0.1
21:34:34.495 [kafka-producer-network-thread | producer-1] DEBUG org.apache.kafka.common.network.Selector - [Producer clientId=producer-1] Created socket with SO_RCVBUF = 326640, SO_SNDBUF = 146988, SO_TIMEOUT = 0 to node -1
21:34:34.496 [kafka-producer-network-thread | producer-1] DEBUG org.apache.kafka.clients.NetworkClient - [Producer clientId=producer-1] Completed connection to node -1. Fetching API versions.
21:34:34.496 [kafka-producer-network-thread | producer-1] DEBUG org.apache.kafka.clients.NetworkClient - [Producer clientId=producer-1] Initiating API versions fetch from node -1.
21:34:34.512 [kafka-producer-network-thread | producer-1] DEBUG org.apache.kafka.clients.NetworkClient - [Producer clientId=producer-1] Sending API_VERSIONS request with header RequestHeader(apiKey=API_VERSIONS, apiVersion=4, clientId=producer-1, correlationId=0, headerVersion=2) and timeout 30000 to node -1: ApiVersionsRequestData(clientSoftwareName='apache-kafka-java', clientSoftwareVersion='4.1.0')
[...]
[THYMELEAF]             * [* {th:preload,data-th-preload}] [1000]: org.thymeleaf.standard.processor.StandardRemovableAttributeTagProcessor
[THYMELEAF]             * [* {th:rel,data-th-rel}] [1000]: org.thymeleaf.standard.processor.StandardRemovableAttributeTagProcessor
[THYMELEAF]             * [* {th:class,data-th-class}] [1000]: org.thymeleaf.standard.processor.StandardRemovableAttributeTagProcessor
[THYMELEAF]             * [* {th:hspace,data-th-hspace}] [1000]: org.thymeleaf.standard.processor.StandardRemovableAttributeTagProcessor
[THYMELEAF]             * [* {th:dir,data-th-dir}] [1000]: org.thymeleaf.standard.processor.StandardRemovableAttributeTagProcessor
[THYMELEAF]             * [* {th:formtarget,data-th-formtarget}] [1000]: org.thymeleaf.standard.processor.StandardRemovableAttributeTagProcessor
[THYMELEAF]             * [* {th:enctype,data-th-enctype}] [1000]: org.thymeleaf.standard.processor.StandardRemovableAttributeTagProcessor
[THYMELEAF]             * [* {th:audio,data-th-audio}] [1000]: org.thymeleaf.standard.processor.StandardRemovableAttributeTagProcessor
[THYMELEAF]             * [* {th:valuetype,data-th-valuetype}] [1000]: org.thymeleaf.standard.processor.StandardRemovableAttributeTagProcessor
[THYMELEAF]             * [* {th:for,data-th-for}] [1000]: org.thymeleaf.standard.processor.StandardRemovableAttributeTagProcessor
[THYMELEAF]             * [* {th:lang,data-th-lang}] [1000]: org.thymeleaf.standard.processor.StandardRemovableAttributeTagProcessor
[THYMELEAF]             * [* {th:sandbox,data-th-sandbox}] [1000]: org.thymeleaf.standard.processor.StandardRemovableAttributeTagProcessor
[THYMELEAF]             * [* {th:challenge,data-th-challenge}] [1000]: org.thymeleaf.standard.processor.StandardRemovableAttributeTagProcessor
[THYMELEAF]             * [* {th:hreflang,data-th-hreflang}] [1000]: org.thymeleaf.standard.processor.StandardRemovableAttributeTagProcessor
[THYMELEAF]             * [* {th:rowspan,data-th-rowspan}] [1000]: org.thymeleaf.standard.processor.StandardRemovableAttributeTagProcessor
[THYMELEAF]             * [* {th:start,data-th-start}] [1000]: org.thymeleaf.standard.processor.StandardRemovableAttributeTagProcessor
[THYMELEAF]             * [* {th:accept,data-th-accept}] [1000]: org.thymeleaf.standard.processor.StandardRemovableAttributeTagProcessor
[THYMELEAF]             * [* {th:cols,data-th-cols}] [1000]: org.thymeleaf.standard.processor.StandardRemovableAttributeTagProcessor
[THYMELEAF]             * [* {th:axis,data-th-axis}] [1000]: org.thymeleaf.standard.processor.StandardRemovableAttributeTagProcessor
[THYMELEAF]             * [* {th:headers,data-th-headers}] [1000]: org.thymeleaf.standard.processor.StandardRemovableAttributeTagProcessor
[THYMELEAF]             * [* {th:cellpadding,data-th-cellpadding}] [1000]: org.thymeleaf.standard.processor.StandardRemovableAttributeTagProcessor
[THYMELEAF]             * [* {th:pattern,data-th-pattern}] [1000]: org.thymeleaf.standard.processor.StandardRemovableAttributeTagProcessor
[THYMELEAF]             * [* {th:codebase,data-th-codebase}] [1000]: org.thymeleaf.standard.processor.StandardRemovableAttributeTagProcessor
[THYMELEAF]             * [* {th:tabindex,data-th-tabindex}] [1000]: org.thymeleaf.standard.processor.StandardRemovableAttributeTagProcessor
[THYMELEAF]             * [* {th:media,data-th-media}] [1000]: org.thymeleaf.standard.processor.StandardRemovableAttributeTagProcessor
[THYMELEAF]             * [* {th:high,data-th-high}] [1000]: org.thymeleaf.standard.processor.StandardRemovableAttributeTagProcessor
[THYMELEAF]             * [* {th:data,data-th-data}] [1000]: org.thymeleaf.standard.processor.StandardRemovableAttributeTagProcessor
[THYMELEAF]             * [* {th:label,data-th-label}] [1000]: org.thymeleaf.standard.processor.StandardRemovableAttributeTagProcessor
[THYMELEAF]             * [* {th:max,data-th-max}] [1000]: org.thymeleaf.standard.processor.StandardRemovableAttributeTagProcessor
[THYMELEAF]             * [* {th:summary,data-th-summary}] [1000]: org.thymeleaf.standard.processor.StandardRemovableAttributeTagProcessor
[THYMELEAF]             * [* {th:vspace,data-th-vspace}] [1000]: org.thymeleaf.standard.processor.StandardRemovableAttributeTagProcessor
[THYMELEAF]             * [* {th:http-equiv,data-th-http-equiv}] [1000]: org.thymeleaf.standard.processor.StandardRemovableAttributeTagProcessor
[THYMELEAF]             * [* {th:cite,data-th-cite}] [1000]: org.thymeleaf.standard.processor.StandardRemovableAttributeTagProcessor
[THYMELEAF]             * [* {th:border,data-th-border}] [1000]: org.thymeleaf.standard.processor.StandardRemovableAttributeTagProcessor
[THYMELEAF]             * [* {th:colspan,data-th-colspan}] [1000]: org.thymeleaf.standard.processor.StandardRemovableAttributeTagProcessor
[THYMELEAF]             * [* {th:list,data-th-list}] [1000]: org.thymeleaf.standard.processor.StandardRemovableAttributeTagProcessor
[THYMELEAF]             * [* {th:contenteditable,data-th-contenteditable}] [1000]: org.thymeleaf.standard.processor.StandardRemovableAttributeTagProcessor
[THYMELEAF]             * [* {th:classid,data-th-classid}] [1000]: org.thymeleaf.standard.processor.StandardRemovableAttributeTagProcessor
[THYMELEAF]             * [* {th:src,data-th-src}] [1000]: org.thymeleaf.standard.processor.StandardSrcTagProcessor
[THYMELEAF]             * [* {th:value,data-th-value}] [1000]: org.thymeleaf.standard.processor.StandardValueTagProcessor
[THYMELEAF]             * [* {th:xmlbase,data-th-xmlbase}] [1000]: org.thymeleaf.standard.processor.StandardXmlBaseTagProcessor
[THYMELEAF]             * [* {th:xmllang,data-th-xmllang}] [1000]: org.thymeleaf.standard.processor.StandardXmlLangTagProcessor
[THYMELEAF]             * [* {xmlns:th}] [1000]: org.thymeleaf.standard.processor.StandardXmlNsTagProcessor
[THYMELEAF]             * [* {th:xmlspace,data-th-xmlspace}] [1000]: org.thymeleaf.standard.processor.StandardXmlSpaceTagProcessor
[THYMELEAF]             * [* {th:classappend,data-th-classappend}] [1100]: org.thymeleaf.standard.processor.StandardClassappendTagProcessor
[THYMELEAF]             * [* {th:styleappend,data-th-styleappend}] [1100]: org.thymeleaf.standard.processor.StandardStyleappendTagProcessor
[THYMELEAF]             * [* {th:text,data-th-text}] [1300]: org.thymeleaf.standard.processor.StandardTextTagProcessor
[THYMELEAF]             * [* {th:utext,data-th-utext}] [1400]: org.thymeleaf.standard.processor.StandardUtextTagProcessor
[THYMELEAF]             * [* {th:fragment,data-th-fragment}] [1500]: org.thymeleaf.standard.processor.StandardFragmentTagProcessor
[THYMELEAF]             * [* {th:assert,data-th-assert}] [1550]: org.thymeleaf.standard.processor.StandardAssertTagProcessor
[THYMELEAF]             * [* {th:remove,data-th-remove}] [1600]: org.thymeleaf.standard.processor.StandardRemoveTagProcessor
[THYMELEAF]             * [* {th:ref,data-th-ref}] [10000]: org.thymeleaf.standard.processor.StandardRefAttributeTagProcessor
[THYMELEAF]             * [{th:block,th-block} *] [100000]: org.thymeleaf.standard.processor.StandardBlockTagProcessor
[THYMELEAF]             * [* th:*] [2147483647]: org.thymeleaf.standard.processor.StandardDefaultAttributesTagProcessor
[THYMELEAF]         * Text Processors by [precedence]:
[THYMELEAF]             * [1000]: org.thymeleaf.standard.processor.StandardInliningTextProcessor
[THYMELEAF]         * DOCTYPE Processors by [precedence]:
[THYMELEAF]             * [1000]: org.thymeleaf.standard.processor.StandardTranslationDocTypeProcessor
[THYMELEAF]         * CDATA Section Processors by [precedence]:
[THYMELEAF]             * [1000]: org.thymeleaf.standard.processor.StandardInliningCDATASectionProcessor
[THYMELEAF]         * Comment Processors by [precedence]:
[THYMELEAF]             * [1000]: org.thymeleaf.standard.processor.StandardInliningCommentProcessor
[THYMELEAF]             * [1100]: org.thymeleaf.standard.processor.StandardConditionalCommentProcessor
[THYMELEAF]     * Processors for Template Mode: XML
[THYMELEAF]         * Element Tag Processors by [matching element and attribute name] [precedence]:
[THYMELEAF]             * [* {th:include}] [100]: org.thymeleaf.standard.processor.StandardIncludeTagProcessor
[THYMELEAF]             * [* {th:insert}] [100]: org.thymeleaf.standard.processor.StandardInsertTagProcessor
[THYMELEAF]             * [* {th:replace}] [100]: org.thymeleaf.standard.processor.StandardReplaceTagProcessor
[THYMELEAF]             * [* {th:substituteby}] [100]: org.thymeleaf.standard.processor.StandardSubstituteByTagProcessor
[THYMELEAF]             * [* {th:each}] [200]: com.intuit.karate.template.KarateEachTagProcessor
[THYMELEAF]             * [* {th:switch}] [250]: org.thymeleaf.standard.processor.StandardSwitchTagProcessor
[THYMELEAF]             * [* {th:case}] [275]: org.thymeleaf.standard.processor.StandardCaseTagProcessor
[THYMELEAF]             * [* {th:if}] [300]: org.thymeleaf.standard.processor.StandardIfTagProcessor
[THYMELEAF]             * [* {th:unless}] [400]: org.thymeleaf.standard.processor.StandardUnlessTagProcessor
[THYMELEAF]             * [* {th:object}] [500]: org.thymeleaf.standard.processor.StandardObjectTagProcessor
[THYMELEAF]             * [* {th:with}] [600]: com.intuit.karate.template.KarateWithTagProcessor
[THYMELEAF]             * [* {th:attr}] [700]: com.intuit.karate.template.KarateAttributeTagProcessor.KarateAttrTagProcessor
[THYMELEAF]             * [* {th:attrappend}] [900]: com.intuit.karate.template.KarateAttributeTagProcessor.KarateAttrappendTagProcessor
[THYMELEAF]             * [* {th:attrprepend}] [900]: com.intuit.karate.template.KarateAttributeTagProcessor.KarateAttrprependTagProcessor
[THYMELEAF]             * [* {th:inline}] [1000]: org.thymeleaf.standard.processor.StandardInlineXMLTagProcessor
[THYMELEAF]             * [* {xmlns:th}] [1000]: org.thymeleaf.standard.processor.StandardXmlNsTagProcessor
[THYMELEAF]             * [* {th:text}] [1300]: org.thymeleaf.standard.processor.StandardTextTagProcessor
[THYMELEAF]             * [* {th:utext}] [1400]: org.thymeleaf.standard.processor.StandardUtextTagProcessor
[THYMELEAF]             * [* {th:fragment}] [1500]: org.thymeleaf.standard.processor.StandardFragmentTagProcessor
[THYMELEAF]             * [* {th:assert}] [1550]: org.thymeleaf.standard.processor.StandardAssertTagProcessor
[THYMELEAF]             * [* {th:remove}] [1600]: org.thymeleaf.standard.processor.StandardRemoveTagProcessor
[THYMELEAF]             * [* {th:ref}] [10000]: org.thymeleaf.standard.processor.StandardRefAttributeTagProcessor
[THYMELEAF]             * [{th:block} *] [100000]: org.thymeleaf.standard.processor.StandardBlockTagProcessor
[THYMELEAF]             * [* th:*] [2147483647]: org.thymeleaf.standard.processor.StandardDefaultAttributesTagProcessor
[THYMELEAF]         * Text Processors by [precedence]:
[THYMELEAF]             * [1000]: org.thymeleaf.standard.processor.StandardInliningTextProcessor
[THYMELEAF]         * CDATA Section Processors by [precedence]:
[THYMELEAF]             * [1000]: org.thymeleaf.standard.processor.StandardInliningCDATASectionProcessor
[THYMELEAF]         * Comment Processors by [precedence]:
[THYMELEAF]             * [1000]: org.thymeleaf.standard.processor.StandardInliningCommentProcessor
[THYMELEAF]     * Processors for Template Mode: TEXT
[THYMELEAF]         * Element Tag Processors by [matching element and attribute name] [precedence]:
[THYMELEAF]             * [* {th:insert}] [100]: org.thymeleaf.standard.processor.StandardInsertTagProcessor
[THYMELEAF]             * [* {th:replace}] [100]: org.thymeleaf.standard.processor.StandardReplaceTagProcessor
[THYMELEAF]             * [* {th:each}] [200]: com.intuit.karate.template.KarateEachTagProcessor
[THYMELEAF]             * [* {th:switch}] [250]: org.thymeleaf.standard.processor.StandardSwitchTagProcessor
[THYMELEAF]             * [* {th:case}] [275]: org.thymeleaf.standard.processor.StandardCaseTagProcessor
[THYMELEAF]             * [* {th:if}] [300]: org.thymeleaf.standard.processor.StandardIfTagProcessor
[THYMELEAF]             * [* {th:unless}] [400]: org.thymeleaf.standard.processor.StandardUnlessTagProcessor
[THYMELEAF]             * [* {th:object}] [500]: org.thymeleaf.standard.processor.StandardObjectTagProcessor
[THYMELEAF]             * [* {th:with}] [600]: com.intuit.karate.template.KarateWithTagProcessor
[THYMELEAF]             * [* {th:inline}] [1000]: org.thymeleaf.standard.processor.StandardInlineTextualTagProcessor
[THYMELEAF]             * [* {th:text}] [1300]: org.thymeleaf.standard.processor.StandardTextTagProcessor
[THYMELEAF]             * [* {th:utext}] [1400]: org.thymeleaf.standard.processor.StandardUtextTagProcessor
[THYMELEAF]             * [* {th:assert}] [1550]: org.thymeleaf.standard.processor.StandardAssertTagProcessor
[THYMELEAF]             * [* {th:remove}] [1600]: org.thymeleaf.standard.processor.StandardRemoveTagProcessor
[THYMELEAF]             * [{th:block} *] [100000]: org.thymeleaf.standard.processor.StandardBlockTagProcessor
[THYMELEAF]             * [* 100000] [org.thymeleaf.standard.processor.StandardBlockTagProcessor]: {}
[THYMELEAF]         * Text Processors by [precedence]:
[THYMELEAF]             * [1000]: org.thymeleaf.standard.processor.StandardInliningTextProcessor
[THYMELEAF]     * Processors for Template Mode: JAVASCRIPT
[THYMELEAF]         * Element Tag Processors by [matching element and attribute name] [precedence]:
[THYMELEAF]             * [* {th:insert}] [100]: org.thymeleaf.standard.processor.StandardInsertTagProcessor
[THYMELEAF]             * [* {th:replace}] [100]: org.thymeleaf.standard.processor.StandardReplaceTagProcessor
[THYMELEAF]             * [* {th:each}] [200]: com.intuit.karate.template.KarateEachTagProcessor
[THYMELEAF]             * [* {th:switch}] [250]: org.thymeleaf.standard.processor.StandardSwitchTagProcessor
[THYMELEAF]             * [* {th:case}] [275]: org.thymeleaf.standard.processor.StandardCaseTagProcessor
[THYMELEAF]             * [* {th:if}] [300]: org.thymeleaf.standard.processor.StandardIfTagProcessor
[THYMELEAF]             * [* {th:unless}] [400]: org.thymeleaf.standard.processor.StandardUnlessTagProcessor
[THYMELEAF]             * [* {th:object}] [500]: org.thymeleaf.standard.processor.StandardObjectTagProcessor
[THYMELEAF]             * [* {th:with}] [600]: com.intuit.karate.template.KarateWithTagProcessor
[THYMELEAF]             * [* {th:inline}] [1000]: org.thymeleaf.standard.processor.StandardInlineTextualTagProcessor
[THYMELEAF]             * [* {th:text}] [1300]: org.thymeleaf.standard.processor.StandardTextTagProcessor
[THYMELEAF]             * [* {th:utext}] [1400]: org.thymeleaf.standard.processor.StandardUtextTagProcessor
[THYMELEAF]             * [* {th:assert}] [1550]: org.thymeleaf.standard.processor.StandardAssertTagProcessor
[THYMELEAF]             * [* {th:remove}] [1600]: org.thymeleaf.standard.processor.StandardRemoveTagProcessor
[THYMELEAF]             * [* 100000] [org.thymeleaf.standard.processor.StandardBlockTagProcessor]: {}
[THYMELEAF]             * [{th:block} *] [100000]: org.thymeleaf.standard.processor.StandardBlockTagProcessor
[THYMELEAF]         * Text Processors by [precedence]:
[THYMELEAF]             * [1000]: org.thymeleaf.standard.processor.StandardInliningTextProcessor
[THYMELEAF]     * Processors for Template Mode: CSS
[THYMELEAF]         * Element Tag Processors by [matching element and attribute name] [precedence]:
[THYMELEAF]             * [* {th:insert}] [100]: org.thymeleaf.standard.processor.StandardInsertTagProcessor
[THYMELEAF]             * [* {th:replace}] [100]: org.thymeleaf.standard.processor.StandardReplaceTagProcessor
[THYMELEAF]             * [* {th:each}] [200]: com.intuit.karate.template.KarateEachTagProcessor
[THYMELEAF]             * [* {th:switch}] [250]: org.thymeleaf.standard.processor.StandardSwitchTagProcessor
[THYMELEAF]             * [* {th:case}] [275]: org.thymeleaf.standard.processor.StandardCaseTagProcessor
[THYMELEAF]             * [* {th:if}] [300]: org.thymeleaf.standard.processor.StandardIfTagProcessor
[THYMELEAF]             * [* {th:unless}] [400]: org.thymeleaf.standard.processor.StandardUnlessTagProcessor
[THYMELEAF]             * [* {th:object}] [500]: org.thymeleaf.standard.processor.StandardObjectTagProcessor
[THYMELEAF]             * [* {th:with}] [600]: com.intuit.karate.template.KarateWithTagProcessor
[THYMELEAF]             * [* {th:inline}] [1000]: org.thymeleaf.standard.processor.StandardInlineTextualTagProcessor
[THYMELEAF]             * [* {th:text}] [1300]: org.thymeleaf.standard.processor.StandardTextTagProcessor
[THYMELEAF]             * [* {th:utext}] [1400]: org.thymeleaf.standard.processor.StandardUtextTagProcessor
[THYMELEAF]             * [* {th:assert}] [1550]: org.thymeleaf.standard.processor.StandardAssertTagProcessor
[THYMELEAF]             * [* {th:remove}] [1600]: org.thymeleaf.standard.processor.StandardRemoveTagProcessor
[THYMELEAF]             * [* 100000] [org.thymeleaf.standard.processor.StandardBlockTagProcessor]: {}
[THYMELEAF]             * [{th:block} *] [100000]: org.thymeleaf.standard.processor.StandardBlockTagProcessor
[THYMELEAF]         * Text Processors by [precedence]:
[THYMELEAF]             * [1000]: org.thymeleaf.standard.processor.StandardInliningTextProcessor
[THYMELEAF]     * Expression Objects:
[THYMELEAF]         * #ctx
[THYMELEAF]         * #root
[THYMELEAF]         * #vars
[THYMELEAF]         * #object
[THYMELEAF]         * #locale
[THYMELEAF]         * #request
[THYMELEAF]         * #response
[THYMELEAF]         * #session
[THYMELEAF]         * #servletContext
[THYMELEAF]         * #conversions
[THYMELEAF]         * #uris
[THYMELEAF]         * #calendars
[THYMELEAF]         * #dates
[THYMELEAF]         * #bools
[THYMELEAF]         * #numbers
[THYMELEAF]         * #objects
[THYMELEAF]         * #strings
[THYMELEAF]         * #arrays
[THYMELEAF]         * #lists
[THYMELEAF]         * #sets
[THYMELEAF]         * #maps
[THYMELEAF]         * #aggregates
[THYMELEAF]         * #messages
[THYMELEAF]         * #ids
[THYMELEAF]         * #execInfo
[THYMELEAF]         * #httpServletRequest
[THYMELEAF]         * #httpSession
[THYMELEAF]     * Execution Attributes:
[THYMELEAF]         * "StandardExpressionParser": com.intuit.karate.template.KarateStandardDialect@30228de7
[THYMELEAF]         * "StandardJavaScriptSerializer": org.thymeleaf.standard.serializer.StandardJavaScriptSerializer@53ba25ff
[THYMELEAF]         * "StandardCSSSerializer": org.thymeleaf.standard.serializer.StandardCSSSerializer@10a0a1e
[THYMELEAF]         * "StandardVariableExpressionEvaluator": com.intuit.karate.template.KarateStandardDialect@30228de7
[THYMELEAF]         * "StandardConversionService": org.thymeleaf.standard.expression.StandardConversionService@2976ef56
[THYMELEAF] * Dialect [2 of 2]: karate (com.intuit.karate.template.KarateScriptDialect)
[THYMELEAF]     * Prefix: "ka"
[THYMELEAF]     * Processors for Template Mode: HTML
[THYMELEAF]         * Element Tag Processors by [matching element and attribute name] [precedence]:
[THYMELEAF]             * [* {src}] [1000]: com.intuit.karate.template.KaScriptAttrProcessor
[THYMELEAF]         * Element Model Processors by [matching element and attribute name] [precedence]:
[THYMELEAF]             * [{script} {ka:scope,data-ka-scope}] [1000]: com.intuit.karate.template.KaScriptElemProcessor
[THYMELEAF]             * [* {ka:set,data-ka-set}] [1000]: com.intuit.karate.template.KaSetElemProcessor
[THYMELEAF] TEMPLATE ENGINE CONFIGURED OK
21:34:39.011 [main] DEBUG org.thymeleaf.TemplateEngine - [THYMELEAF] TEMPLATE ENGINE INITIALIZED

HTML report: (paste into browser to view) | Karate version: 1.4.0 | env: dev
file:///Users/maisalima/Documents/karateProject/target/karate-reports/karate-summary.html
===================================================================

]]></system-out>
  </testcase>
</testsuite>